[0.109s] DEBUG:colcon:Command line arguments: ['/usr/bin/colcon', 'build']
[0.110s] DEBUG:colcon:Parsed command line arguments: Namespace(log_base=None, log_level=None, verb_name='build', build_base='build', install_base='install', merge_install=False, symlink_install=False, test_result_base=None, continue_on_error=False, executor='parallel', parallel_workers=12, event_handlers=None, ignore_user_meta=False, metas=['./colcon.meta'], base_paths=['.'], packages_ignore=None, packages_ignore_regex=None, paths=None, packages_up_to=None, packages_up_to_regex=None, packages_above=None, packages_above_and_dependencies=None, packages_above_depth=None, packages_select_by_dep=None, packages_skip_by_dep=None, packages_skip_up_to=None, packages_select_build_failed=False, packages_skip_build_finished=False, packages_select_test_failures=False, packages_skip_test_passed=False, packages_select=None, packages_skip=None, packages_select_regex=None, packages_skip_regex=None, packages_start=None, packages_end=None, cmake_args=None, cmake_target=None, cmake_target_skip_unavailable=False, cmake_clean_cache=False, cmake_clean_first=False, cmake_force_configure=False, ament_cmake_args=None, catkin_cmake_args=None, catkin_skip_building_tests=False, verb_parser=<colcon_defaults.argument_parser.defaults.DefaultArgumentsDecorator object at 0x72bee0d20320>, verb_extension=<colcon_core.verb.build.BuildVerb object at 0x72bee0e50e90>, main=<bound method BuildVerb.main of <colcon_core.verb.build.BuildVerb object at 0x72bee0e50e90>>)
[0.148s] Level 1:colcon.colcon_core.package_discovery:discover_packages(colcon_meta) check parameters
[0.148s] Level 1:colcon.colcon_core.package_discovery:discover_packages(recursive) check parameters
[0.148s] Level 1:colcon.colcon_core.package_discovery:discover_packages(ignore) check parameters
[0.148s] Level 1:colcon.colcon_core.package_discovery:discover_packages(path) check parameters
[0.148s] Level 1:colcon.colcon_core.package_discovery:discover_packages(colcon_meta) discover
[0.148s] Level 1:colcon.colcon_core.package_discovery:discover_packages(recursive) discover
[0.148s] INFO:colcon.colcon_core.package_discovery:Crawling recursively for packages in '/home/xabier/ws_sensor_combined/src'
[0.148s] Level 1:colcon.colcon_core.package_identification:_identify(.) by extensions ['ignore', 'ignore_ament_install']
[0.148s] Level 1:colcon.colcon_core.package_identification:_identify(.) by extension 'ignore'
[0.149s] Level 1:colcon.colcon_core.package_identification:_identify(.) by extension 'ignore_ament_install'
[0.149s] Level 1:colcon.colcon_core.package_identification:_identify(.) by extensions ['colcon_pkg']
[0.149s] Level 1:colcon.colcon_core.package_identification:_identify(.) by extension 'colcon_pkg'
[0.149s] Level 1:colcon.colcon_core.package_identification:_identify(.) by extensions ['colcon_meta']
[0.149s] Level 1:colcon.colcon_core.package_identification:_identify(.) by extension 'colcon_meta'
[0.149s] Level 1:colcon.colcon_core.package_identification:_identify(.) by extensions ['ros']
[0.149s] Level 1:colcon.colcon_core.package_identification:_identify(.) by extension 'ros'
[0.174s] Level 1:colcon.colcon_core.package_identification:_identify(.) by extensions ['cmake', 'python']
[0.174s] Level 1:colcon.colcon_core.package_identification:_identify(.) by extension 'cmake'
[0.174s] Level 1:colcon.colcon_core.package_identification:_identify(.) by extension 'python'
[0.174s] Level 1:colcon.colcon_core.package_identification:_identify(.) by extensions ['python_setup_py']
[0.174s] Level 1:colcon.colcon_core.package_identification:_identify(.) by extension 'python_setup_py'
[0.175s] Level 1:colcon.colcon_core.package_identification:_identify(build) by extensions ['ignore', 'ignore_ament_install']
[0.175s] Level 1:colcon.colcon_core.package_identification:_identify(build) by extension 'ignore'
[0.175s] Level 1:colcon.colcon_core.package_identification:_identify(build) ignored
[0.175s] Level 1:colcon.colcon_core.package_identification:_identify(install) by extensions ['ignore', 'ignore_ament_install']
[0.175s] Level 1:colcon.colcon_core.package_identification:_identify(install) by extension 'ignore'
[0.175s] Level 1:colcon.colcon_core.package_identification:_identify(install) ignored
[0.175s] Level 1:colcon.colcon_core.package_identification:_identify(log) by extensions ['ignore', 'ignore_ament_install']
[0.175s] Level 1:colcon.colcon_core.package_identification:_identify(log) by extension 'ignore'
[0.175s] Level 1:colcon.colcon_core.package_identification:_identify(log) ignored
[0.175s] Level 1:colcon.colcon_core.package_identification:_identify(px4_msgs) by extensions ['ignore', 'ignore_ament_install']
[0.175s] Level 1:colcon.colcon_core.package_identification:_identify(px4_msgs) by extension 'ignore'
[0.175s] Level 1:colcon.colcon_core.package_identification:_identify(px4_msgs) by extension 'ignore_ament_install'
[0.175s] Level 1:colcon.colcon_core.package_identification:_identify(px4_msgs) by extensions ['colcon_pkg']
[0.175s] Level 1:colcon.colcon_core.package_identification:_identify(px4_msgs) by extension 'colcon_pkg'
[0.175s] Level 1:colcon.colcon_core.package_identification:_identify(px4_msgs) by extensions ['colcon_meta']
[0.175s] Level 1:colcon.colcon_core.package_identification:_identify(px4_msgs) by extension 'colcon_meta'
[0.175s] Level 1:colcon.colcon_core.package_identification:_identify(px4_msgs) by extensions ['ros']
[0.175s] Level 1:colcon.colcon_core.package_identification:_identify(px4_msgs) by extension 'ros'
[0.178s] DEBUG:colcon.colcon_core.package_identification:Package 'px4_msgs' with type 'ros.ament_cmake' and name 'px4_msgs'
[0.178s] Level 1:colcon.colcon_core.package_identification:_identify(px4_ros_com) by extensions ['ignore', 'ignore_ament_install']
[0.178s] Level 1:colcon.colcon_core.package_identification:_identify(px4_ros_com) by extension 'ignore'
[0.178s] Level 1:colcon.colcon_core.package_identification:_identify(px4_ros_com) by extension 'ignore_ament_install'
[0.178s] Level 1:colcon.colcon_core.package_identification:_identify(px4_ros_com) by extensions ['colcon_pkg']
[0.178s] Level 1:colcon.colcon_core.package_identification:_identify(px4_ros_com) by extension 'colcon_pkg'
[0.178s] Level 1:colcon.colcon_core.package_identification:_identify(px4_ros_com) by extensions ['colcon_meta']
[0.178s] Level 1:colcon.colcon_core.package_identification:_identify(px4_ros_com) by extension 'colcon_meta'
[0.178s] Level 1:colcon.colcon_core.package_identification:_identify(px4_ros_com) by extensions ['ros']
[0.178s] Level 1:colcon.colcon_core.package_identification:_identify(px4_ros_com) by extension 'ros'
[0.179s] DEBUG:colcon.colcon_core.package_identification:Package 'px4_ros_com' with type 'ros.ament_cmake' and name 'px4_ros_com'
[0.179s] Level 1:colcon.colcon_core.package_discovery:discover_packages(recursive) using defaults
[0.179s] Level 1:colcon.colcon_core.package_discovery:discover_packages(ignore) discover
[0.179s] Level 1:colcon.colcon_core.package_discovery:discover_packages(ignore) using defaults
[0.179s] Level 1:colcon.colcon_core.package_discovery:discover_packages(path) discover
[0.179s] Level 1:colcon.colcon_core.package_discovery:discover_packages(path) using defaults
[0.196s] Level 5:colcon.colcon_core.verb:set package 'px4_msgs' build argument 'cmake_args' from command line to 'None'
[0.196s] Level 5:colcon.colcon_core.verb:set package 'px4_msgs' build argument 'cmake_target' from command line to 'None'
[0.196s] Level 5:colcon.colcon_core.verb:set package 'px4_msgs' build argument 'cmake_target_skip_unavailable' from command line to 'False'
[0.196s] Level 5:colcon.colcon_core.verb:set package 'px4_msgs' build argument 'cmake_clean_cache' from command line to 'False'
[0.196s] Level 5:colcon.colcon_core.verb:set package 'px4_msgs' build argument 'cmake_clean_first' from command line to 'False'
[0.196s] Level 5:colcon.colcon_core.verb:set package 'px4_msgs' build argument 'cmake_force_configure' from command line to 'False'
[0.196s] Level 5:colcon.colcon_core.verb:set package 'px4_msgs' build argument 'ament_cmake_args' from command line to 'None'
[0.196s] Level 5:colcon.colcon_core.verb:set package 'px4_msgs' build argument 'catkin_cmake_args' from command line to 'None'
[0.196s] Level 5:colcon.colcon_core.verb:set package 'px4_msgs' build argument 'catkin_skip_building_tests' from command line to 'False'
[0.196s] DEBUG:colcon.colcon_core.verb:Building package 'px4_msgs' with the following arguments: {'ament_cmake_args': None, 'build_base': '/home/xabier/ws_sensor_combined/src/build/px4_msgs', 'catkin_cmake_args': None, 'catkin_skip_building_tests': False, 'cmake_args': None, 'cmake_clean_cache': False, 'cmake_clean_first': False, 'cmake_force_configure': False, 'cmake_target': None, 'cmake_target_skip_unavailable': False, 'install_base': '/home/xabier/ws_sensor_combined/src/install/px4_msgs', 'merge_install': False, 'path': '/home/xabier/ws_sensor_combined/src/px4_msgs', 'symlink_install': False, 'test_result_base': None}
[0.196s] Level 5:colcon.colcon_core.verb:set package 'px4_ros_com' build argument 'cmake_args' from command line to 'None'
[0.196s] Level 5:colcon.colcon_core.verb:set package 'px4_ros_com' build argument 'cmake_target' from command line to 'None'
[0.197s] Level 5:colcon.colcon_core.verb:set package 'px4_ros_com' build argument 'cmake_target_skip_unavailable' from command line to 'False'
[0.197s] Level 5:colcon.colcon_core.verb:set package 'px4_ros_com' build argument 'cmake_clean_cache' from command line to 'False'
[0.197s] Level 5:colcon.colcon_core.verb:set package 'px4_ros_com' build argument 'cmake_clean_first' from command line to 'False'
[0.197s] Level 5:colcon.colcon_core.verb:set package 'px4_ros_com' build argument 'cmake_force_configure' from command line to 'False'
[0.197s] Level 5:colcon.colcon_core.verb:set package 'px4_ros_com' build argument 'ament_cmake_args' from command line to 'None'
[0.197s] Level 5:colcon.colcon_core.verb:set package 'px4_ros_com' build argument 'catkin_cmake_args' from command line to 'None'
[0.197s] Level 5:colcon.colcon_core.verb:set package 'px4_ros_com' build argument 'catkin_skip_building_tests' from command line to 'False'
[0.197s] DEBUG:colcon.colcon_core.verb:Building package 'px4_ros_com' with the following arguments: {'ament_cmake_args': None, 'build_base': '/home/xabier/ws_sensor_combined/src/build/px4_ros_com', 'catkin_cmake_args': None, 'catkin_skip_building_tests': False, 'cmake_args': None, 'cmake_clean_cache': False, 'cmake_clean_first': False, 'cmake_force_configure': False, 'cmake_target': None, 'cmake_target_skip_unavailable': False, 'install_base': '/home/xabier/ws_sensor_combined/src/install/px4_ros_com', 'merge_install': False, 'path': '/home/xabier/ws_sensor_combined/src/px4_ros_com', 'symlink_install': False, 'test_result_base': None}
[0.197s] INFO:colcon.colcon_core.executor:Executing jobs using 'parallel' executor
[0.198s] DEBUG:colcon.colcon_parallel_executor.executor.parallel:run_until_complete
[0.198s] INFO:colcon.colcon_ros.task.ament_cmake.build:Building ROS package in '/home/xabier/ws_sensor_combined/src/px4_msgs' with build type 'ament_cmake'
[0.198s] INFO:colcon.colcon_cmake.task.cmake.build:Building CMake package in '/home/xabier/ws_sensor_combined/src/px4_msgs'
[0.200s] INFO:colcon.colcon_core.plugin_system:Skipping extension 'colcon_core.shell.bat': Not used on non-Windows systems
[0.200s] DEBUG:colcon.colcon_core.shell:Skip shell extension 'dsv' for command environment
[0.212s] DEBUG:colcon.colcon_core.event_handler.log_command:Invoking command in '/home/xabier/ws_sensor_combined/src/build/px4_msgs': CMAKE_PREFIX_PATH=${CMAKE_PREFIX_PATH}:/opt/ros/jazzy DEBUGINFOD_URLS=https://debuginfod.ubuntu.com /usr/bin/cmake /home/xabier/ws_sensor_combined/src/px4_msgs -DCMAKE_INSTALL_PREFIX=/home/xabier/ws_sensor_combined/src/install/px4_msgs
[6.596s] DEBUG:colcon.colcon_core.event_handler.log_command:Invoked command in '/home/xabier/ws_sensor_combined/src/build/px4_msgs' returned '0': CMAKE_PREFIX_PATH=${CMAKE_PREFIX_PATH}:/opt/ros/jazzy DEBUGINFOD_URLS=https://debuginfod.ubuntu.com /usr/bin/cmake /home/xabier/ws_sensor_combined/src/px4_msgs -DCMAKE_INSTALL_PREFIX=/home/xabier/ws_sensor_combined/src/install/px4_msgs
[6.597s] DEBUG:colcon.colcon_core.event_handler.log_command:Invoking command in '/home/xabier/ws_sensor_combined/src/build/px4_msgs': CMAKE_PREFIX_PATH=${CMAKE_PREFIX_PATH}:/opt/ros/jazzy DEBUGINFOD_URLS=https://debuginfod.ubuntu.com /usr/bin/cmake --build /home/xabier/ws_sensor_combined/src/build/px4_msgs -- -j12 -l12
[217.470s] DEBUG:colcon.colcon_core.event_handler.log_command:Invoked command in '/home/xabier/ws_sensor_combined/src/build/px4_msgs' returned '0': CMAKE_PREFIX_PATH=${CMAKE_PREFIX_PATH}:/opt/ros/jazzy DEBUGINFOD_URLS=https://debuginfod.ubuntu.com /usr/bin/cmake --build /home/xabier/ws_sensor_combined/src/build/px4_msgs -- -j12 -l12
[217.482s] DEBUG:colcon.colcon_core.event_handler.log_command:Invoking command in '/home/xabier/ws_sensor_combined/src/build/px4_msgs': CMAKE_PREFIX_PATH=${CMAKE_PREFIX_PATH}:/opt/ros/jazzy DEBUGINFOD_URLS=https://debuginfod.ubuntu.com /usr/bin/cmake --install /home/xabier/ws_sensor_combined/src/build/px4_msgs
[219.149s] Level 1:colcon.colcon_core.environment:create_environment_scripts_only(px4_msgs)
[219.150s] DEBUG:colcon.colcon_core.event_handler.log_command:Invoked command in '/home/xabier/ws_sensor_combined/src/build/px4_msgs' returned '0': CMAKE_PREFIX_PATH=${CMAKE_PREFIX_PATH}:/opt/ros/jazzy DEBUGINFOD_URLS=https://debuginfod.ubuntu.com /usr/bin/cmake --install /home/xabier/ws_sensor_combined/src/build/px4_msgs
[219.155s] Level 1:colcon.colcon_core.environment:checking '/home/xabier/ws_sensor_combined/src/install/px4_msgs' for CMake module files
[219.156s] Level 1:colcon.colcon_core.environment:checking '/home/xabier/ws_sensor_combined/src/install/px4_msgs' for CMake config files
[219.157s] Level 1:colcon.colcon_core.shell:create_environment_hook('px4_msgs', 'cmake_prefix_path')
[219.157s] INFO:colcon.colcon_core.shell:Creating environment descriptor '/home/xabier/ws_sensor_combined/src/install/px4_msgs/share/px4_msgs/hook/cmake_prefix_path.dsv'
[219.158s] INFO:colcon.colcon_core.shell:Creating environment hook '/home/xabier/ws_sensor_combined/src/install/px4_msgs/share/px4_msgs/hook/cmake_prefix_path.sh'
[219.160s] Level 1:colcon.colcon_core.environment:checking '/home/xabier/ws_sensor_combined/src/install/px4_msgs/lib'
[219.161s] Level 1:colcon.colcon_core.shell:create_environment_hook('px4_msgs', 'ld_library_path_lib')
[219.161s] INFO:colcon.colcon_core.shell:Creating environment descriptor '/home/xabier/ws_sensor_combined/src/install/px4_msgs/share/px4_msgs/hook/ld_library_path_lib.dsv'
[219.162s] INFO:colcon.colcon_core.shell:Creating environment hook '/home/xabier/ws_sensor_combined/src/install/px4_msgs/share/px4_msgs/hook/ld_library_path_lib.sh'
[219.163s] Level 1:colcon.colcon_core.environment:checking '/home/xabier/ws_sensor_combined/src/install/px4_msgs/bin'
[219.163s] Level 1:colcon.colcon_core.environment:checking '/home/xabier/ws_sensor_combined/src/install/px4_msgs/lib/pkgconfig/px4_msgs.pc'
[219.167s] Level 1:colcon.colcon_core.environment:checking '/home/xabier/ws_sensor_combined/src/install/px4_msgs/lib/python3.12/site-packages'
[219.168s] Level 1:colcon.colcon_core.shell:create_environment_hook('px4_msgs', 'pythonpath')
[219.168s] INFO:colcon.colcon_core.shell:Creating environment descriptor '/home/xabier/ws_sensor_combined/src/install/px4_msgs/share/px4_msgs/hook/pythonpath.dsv'
[219.169s] INFO:colcon.colcon_core.shell:Creating environment hook '/home/xabier/ws_sensor_combined/src/install/px4_msgs/share/px4_msgs/hook/pythonpath.sh'
[219.170s] Level 1:colcon.colcon_core.environment:checking '/home/xabier/ws_sensor_combined/src/install/px4_msgs/bin'
[219.171s] INFO:colcon.colcon_core.shell:Creating package descriptor '/home/xabier/ws_sensor_combined/src/install/px4_msgs/share/px4_msgs/package.dsv'
[219.172s] INFO:colcon.colcon_core.shell:Creating package script '/home/xabier/ws_sensor_combined/src/install/px4_msgs/share/px4_msgs/package.sh'
[219.173s] INFO:colcon.colcon_core.shell:Creating package script '/home/xabier/ws_sensor_combined/src/install/px4_msgs/share/px4_msgs/package.bash'
[219.175s] INFO:colcon.colcon_core.shell:Creating package script '/home/xabier/ws_sensor_combined/src/install/px4_msgs/share/px4_msgs/package.zsh'
[219.176s] Level 1:colcon.colcon_core.environment:create_file_with_runtime_dependencies(/home/xabier/ws_sensor_combined/src/install/px4_msgs/share/colcon-core/packages/px4_msgs)
[219.177s] Level 1:colcon.colcon_core.environment:create_environment_scripts_only(px4_msgs)
[219.177s] Level 1:colcon.colcon_core.environment:checking '/home/xabier/ws_sensor_combined/src/install/px4_msgs' for CMake module files
[219.179s] Level 1:colcon.colcon_core.environment:checking '/home/xabier/ws_sensor_combined/src/install/px4_msgs' for CMake config files
[219.179s] Level 1:colcon.colcon_core.shell:create_environment_hook('px4_msgs', 'cmake_prefix_path')
[219.180s] INFO:colcon.colcon_core.shell:Creating environment descriptor '/home/xabier/ws_sensor_combined/src/install/px4_msgs/share/px4_msgs/hook/cmake_prefix_path.dsv'
[219.181s] INFO:colcon.colcon_core.shell:Creating environment hook '/home/xabier/ws_sensor_combined/src/install/px4_msgs/share/px4_msgs/hook/cmake_prefix_path.sh'
[219.182s] Level 1:colcon.colcon_core.environment:checking '/home/xabier/ws_sensor_combined/src/install/px4_msgs/lib'
[219.182s] Level 1:colcon.colcon_core.shell:create_environment_hook('px4_msgs', 'ld_library_path_lib')
[219.182s] INFO:colcon.colcon_core.shell:Creating environment descriptor '/home/xabier/ws_sensor_combined/src/install/px4_msgs/share/px4_msgs/hook/ld_library_path_lib.dsv'
[219.183s] INFO:colcon.colcon_core.shell:Creating environment hook '/home/xabier/ws_sensor_combined/src/install/px4_msgs/share/px4_msgs/hook/ld_library_path_lib.sh'
[219.184s] Level 1:colcon.colcon_core.environment:checking '/home/xabier/ws_sensor_combined/src/install/px4_msgs/bin'
[219.184s] Level 1:colcon.colcon_core.environment:checking '/home/xabier/ws_sensor_combined/src/install/px4_msgs/lib/pkgconfig/px4_msgs.pc'
[219.185s] Level 1:colcon.colcon_core.environment:checking '/home/xabier/ws_sensor_combined/src/install/px4_msgs/lib/python3.12/site-packages'
[219.185s] Level 1:colcon.colcon_core.shell:create_environment_hook('px4_msgs', 'pythonpath')
[219.185s] INFO:colcon.colcon_core.shell:Creating environment descriptor '/home/xabier/ws_sensor_combined/src/install/px4_msgs/share/px4_msgs/hook/pythonpath.dsv'
[219.186s] INFO:colcon.colcon_core.shell:Creating environment hook '/home/xabier/ws_sensor_combined/src/install/px4_msgs/share/px4_msgs/hook/pythonpath.sh'
[219.186s] Level 1:colcon.colcon_core.environment:checking '/home/xabier/ws_sensor_combined/src/install/px4_msgs/bin'
[219.186s] INFO:colcon.colcon_core.shell:Creating package descriptor '/home/xabier/ws_sensor_combined/src/install/px4_msgs/share/px4_msgs/package.dsv'
[219.187s] INFO:colcon.colcon_core.shell:Creating package script '/home/xabier/ws_sensor_combined/src/install/px4_msgs/share/px4_msgs/package.sh'
[219.187s] INFO:colcon.colcon_core.shell:Creating package script '/home/xabier/ws_sensor_combined/src/install/px4_msgs/share/px4_msgs/package.bash'
[219.187s] INFO:colcon.colcon_core.shell:Creating package script '/home/xabier/ws_sensor_combined/src/install/px4_msgs/share/px4_msgs/package.zsh'
[219.188s] Level 1:colcon.colcon_core.environment:create_file_with_runtime_dependencies(/home/xabier/ws_sensor_combined/src/install/px4_msgs/share/colcon-core/packages/px4_msgs)
[219.188s] INFO:colcon.colcon_ros.task.ament_cmake.build:Building ROS package in '/home/xabier/ws_sensor_combined/src/px4_ros_com' with build type 'ament_cmake'
[219.188s] INFO:colcon.colcon_cmake.task.cmake.build:Building CMake package in '/home/xabier/ws_sensor_combined/src/px4_ros_com'
[219.188s] DEBUG:colcon.colcon_core.shell:Skip shell extension 'dsv' for command environment
[219.203s] DEBUG:colcon.colcon_core.event_handler.log_command:Invoking command in '/home/xabier/ws_sensor_combined/src/build/px4_ros_com': AMENT_PREFIX_PATH=/home/xabier/ws_sensor_combined/src/install/px4_msgs:${AMENT_PREFIX_PATH} CMAKE_PREFIX_PATH=/home/xabier/ws_sensor_combined/src/install/px4_msgs:/opt/ros/jazzy/opt/gz_sim_vendor:/opt/ros/jazzy/opt/gz_sensors_vendor:/opt/ros/jazzy/opt/gz_physics_vendor:/opt/ros/jazzy/opt/sdformat_vendor:/opt/ros/jazzy/opt/gz_gui_vendor:/opt/ros/jazzy/opt/gz_transport_vendor:/opt/ros/jazzy/opt/gz_rendering_vendor:/opt/ros/jazzy/opt/gz_plugin_vendor:/opt/ros/jazzy/opt/gz_fuel_tools_vendor:/opt/ros/jazzy/opt/gz_msgs_vendor:/opt/ros/jazzy/opt/gz_common_vendor:/opt/ros/jazzy/opt/gz_math_vendor:/opt/ros/jazzy/opt/gz_utils_vendor:/opt/ros/jazzy/opt/gz_tools_vendor:/opt/ros/jazzy/opt/gz_ogre_next_vendor:/opt/ros/jazzy/opt/gz_dartsim_vendor:/opt/ros/jazzy/opt/gz_cmake_vendor:/opt/ros/jazzy DEBUGINFOD_URLS=https://debuginfod.ubuntu.com LD_LIBRARY_PATH=/home/xabier/ws_sensor_combined/src/install/px4_msgs/lib:${LD_LIBRARY_PATH} PYTHONPATH=/home/xabier/ws_sensor_combined/src/install/px4_msgs/lib/python3.12/site-packages:${PYTHONPATH} /usr/bin/cmake /home/xabier/ws_sensor_combined/src/px4_ros_com -DCMAKE_INSTALL_PREFIX=/home/xabier/ws_sensor_combined/src/install/px4_ros_com
[221.069s] DEBUG:colcon.colcon_core.event_handler.log_command:Invoked command in '/home/xabier/ws_sensor_combined/src/build/px4_ros_com' returned '0': AMENT_PREFIX_PATH=/home/xabier/ws_sensor_combined/src/install/px4_msgs:${AMENT_PREFIX_PATH} CMAKE_PREFIX_PATH=/home/xabier/ws_sensor_combined/src/install/px4_msgs:/opt/ros/jazzy/opt/gz_sim_vendor:/opt/ros/jazzy/opt/gz_sensors_vendor:/opt/ros/jazzy/opt/gz_physics_vendor:/opt/ros/jazzy/opt/sdformat_vendor:/opt/ros/jazzy/opt/gz_gui_vendor:/opt/ros/jazzy/opt/gz_transport_vendor:/opt/ros/jazzy/opt/gz_rendering_vendor:/opt/ros/jazzy/opt/gz_plugin_vendor:/opt/ros/jazzy/opt/gz_fuel_tools_vendor:/opt/ros/jazzy/opt/gz_msgs_vendor:/opt/ros/jazzy/opt/gz_common_vendor:/opt/ros/jazzy/opt/gz_math_vendor:/opt/ros/jazzy/opt/gz_utils_vendor:/opt/ros/jazzy/opt/gz_tools_vendor:/opt/ros/jazzy/opt/gz_ogre_next_vendor:/opt/ros/jazzy/opt/gz_dartsim_vendor:/opt/ros/jazzy/opt/gz_cmake_vendor:/opt/ros/jazzy DEBUGINFOD_URLS=https://debuginfod.ubuntu.com LD_LIBRARY_PATH=/home/xabier/ws_sensor_combined/src/install/px4_msgs/lib:${LD_LIBRARY_PATH} PYTHONPATH=/home/xabier/ws_sensor_combined/src/install/px4_msgs/lib/python3.12/site-packages:${PYTHONPATH} /usr/bin/cmake /home/xabier/ws_sensor_combined/src/px4_ros_com -DCMAKE_INSTALL_PREFIX=/home/xabier/ws_sensor_combined/src/install/px4_ros_com
[221.071s] DEBUG:colcon.colcon_core.event_handler.log_command:Invoking command in '/home/xabier/ws_sensor_combined/src/build/px4_ros_com': AMENT_PREFIX_PATH=/home/xabier/ws_sensor_combined/src/install/px4_msgs:${AMENT_PREFIX_PATH} CMAKE_PREFIX_PATH=/home/xabier/ws_sensor_combined/src/install/px4_msgs:/opt/ros/jazzy/opt/gz_sim_vendor:/opt/ros/jazzy/opt/gz_sensors_vendor:/opt/ros/jazzy/opt/gz_physics_vendor:/opt/ros/jazzy/opt/sdformat_vendor:/opt/ros/jazzy/opt/gz_gui_vendor:/opt/ros/jazzy/opt/gz_transport_vendor:/opt/ros/jazzy/opt/gz_rendering_vendor:/opt/ros/jazzy/opt/gz_plugin_vendor:/opt/ros/jazzy/opt/gz_fuel_tools_vendor:/opt/ros/jazzy/opt/gz_msgs_vendor:/opt/ros/jazzy/opt/gz_common_vendor:/opt/ros/jazzy/opt/gz_math_vendor:/opt/ros/jazzy/opt/gz_utils_vendor:/opt/ros/jazzy/opt/gz_tools_vendor:/opt/ros/jazzy/opt/gz_ogre_next_vendor:/opt/ros/jazzy/opt/gz_dartsim_vendor:/opt/ros/jazzy/opt/gz_cmake_vendor:/opt/ros/jazzy DEBUGINFOD_URLS=https://debuginfod.ubuntu.com LD_LIBRARY_PATH=/home/xabier/ws_sensor_combined/src/install/px4_msgs/lib:${LD_LIBRARY_PATH} PYTHONPATH=/home/xabier/ws_sensor_combined/src/install/px4_msgs/lib/python3.12/site-packages:${PYTHONPATH} /usr/bin/cmake --build /home/xabier/ws_sensor_combined/src/build/px4_ros_com -- -j12 -l12
[229.581s] DEBUG:colcon.colcon_core.event_handler.log_command:Invoked command in '/home/xabier/ws_sensor_combined/src/build/px4_ros_com' returned '0': AMENT_PREFIX_PATH=/home/xabier/ws_sensor_combined/src/install/px4_msgs:${AMENT_PREFIX_PATH} CMAKE_PREFIX_PATH=/home/xabier/ws_sensor_combined/src/install/px4_msgs:/opt/ros/jazzy/opt/gz_sim_vendor:/opt/ros/jazzy/opt/gz_sensors_vendor:/opt/ros/jazzy/opt/gz_physics_vendor:/opt/ros/jazzy/opt/sdformat_vendor:/opt/ros/jazzy/opt/gz_gui_vendor:/opt/ros/jazzy/opt/gz_transport_vendor:/opt/ros/jazzy/opt/gz_rendering_vendor:/opt/ros/jazzy/opt/gz_plugin_vendor:/opt/ros/jazzy/opt/gz_fuel_tools_vendor:/opt/ros/jazzy/opt/gz_msgs_vendor:/opt/ros/jazzy/opt/gz_common_vendor:/opt/ros/jazzy/opt/gz_math_vendor:/opt/ros/jazzy/opt/gz_utils_vendor:/opt/ros/jazzy/opt/gz_tools_vendor:/opt/ros/jazzy/opt/gz_ogre_next_vendor:/opt/ros/jazzy/opt/gz_dartsim_vendor:/opt/ros/jazzy/opt/gz_cmake_vendor:/opt/ros/jazzy DEBUGINFOD_URLS=https://debuginfod.ubuntu.com LD_LIBRARY_PATH=/home/xabier/ws_sensor_combined/src/install/px4_msgs/lib:${LD_LIBRARY_PATH} PYTHONPATH=/home/xabier/ws_sensor_combined/src/install/px4_msgs/lib/python3.12/site-packages:${PYTHONPATH} /usr/bin/cmake --build /home/xabier/ws_sensor_combined/src/build/px4_ros_com -- -j12 -l12
[229.583s] DEBUG:colcon.colcon_core.event_handler.log_command:Invoking command in '/home/xabier/ws_sensor_combined/src/build/px4_ros_com': AMENT_PREFIX_PATH=/home/xabier/ws_sensor_combined/src/install/px4_msgs:${AMENT_PREFIX_PATH} CMAKE_PREFIX_PATH=/home/xabier/ws_sensor_combined/src/install/px4_msgs:/opt/ros/jazzy/opt/gz_sim_vendor:/opt/ros/jazzy/opt/gz_sensors_vendor:/opt/ros/jazzy/opt/gz_physics_vendor:/opt/ros/jazzy/opt/sdformat_vendor:/opt/ros/jazzy/opt/gz_gui_vendor:/opt/ros/jazzy/opt/gz_transport_vendor:/opt/ros/jazzy/opt/gz_rendering_vendor:/opt/ros/jazzy/opt/gz_plugin_vendor:/opt/ros/jazzy/opt/gz_fuel_tools_vendor:/opt/ros/jazzy/opt/gz_msgs_vendor:/opt/ros/jazzy/opt/gz_common_vendor:/opt/ros/jazzy/opt/gz_math_vendor:/opt/ros/jazzy/opt/gz_utils_vendor:/opt/ros/jazzy/opt/gz_tools_vendor:/opt/ros/jazzy/opt/gz_ogre_next_vendor:/opt/ros/jazzy/opt/gz_dartsim_vendor:/opt/ros/jazzy/opt/gz_cmake_vendor:/opt/ros/jazzy DEBUGINFOD_URLS=https://debuginfod.ubuntu.com LD_LIBRARY_PATH=/home/xabier/ws_sensor_combined/src/install/px4_msgs/lib:${LD_LIBRARY_PATH} PYTHONPATH=/home/xabier/ws_sensor_combined/src/install/px4_msgs/lib/python3.12/site-packages:${PYTHONPATH} /usr/bin/cmake --install /home/xabier/ws_sensor_combined/src/build/px4_ros_com
[229.686s] Level 1:colcon.colcon_core.environment:create_environment_scripts_only(px4_ros_com)
[229.686s] Level 1:colcon.colcon_core.environment:checking '/home/xabier/ws_sensor_combined/src/install/px4_ros_com' for CMake module files
[229.688s] DEBUG:colcon.colcon_core.event_handler.log_command:Invoked command in '/home/xabier/ws_sensor_combined/src/build/px4_ros_com' returned '0': AMENT_PREFIX_PATH=/home/xabier/ws_sensor_combined/src/install/px4_msgs:${AMENT_PREFIX_PATH} CMAKE_PREFIX_PATH=/home/xabier/ws_sensor_combined/src/install/px4_msgs:/opt/ros/jazzy/opt/gz_sim_vendor:/opt/ros/jazzy/opt/gz_sensors_vendor:/opt/ros/jazzy/opt/gz_physics_vendor:/opt/ros/jazzy/opt/sdformat_vendor:/opt/ros/jazzy/opt/gz_gui_vendor:/opt/ros/jazzy/opt/gz_transport_vendor:/opt/ros/jazzy/opt/gz_rendering_vendor:/opt/ros/jazzy/opt/gz_plugin_vendor:/opt/ros/jazzy/opt/gz_fuel_tools_vendor:/opt/ros/jazzy/opt/gz_msgs_vendor:/opt/ros/jazzy/opt/gz_common_vendor:/opt/ros/jazzy/opt/gz_math_vendor:/opt/ros/jazzy/opt/gz_utils_vendor:/opt/ros/jazzy/opt/gz_tools_vendor:/opt/ros/jazzy/opt/gz_ogre_next_vendor:/opt/ros/jazzy/opt/gz_dartsim_vendor:/opt/ros/jazzy/opt/gz_cmake_vendor:/opt/ros/jazzy DEBUGINFOD_URLS=https://debuginfod.ubuntu.com LD_LIBRARY_PATH=/home/xabier/ws_sensor_combined/src/install/px4_msgs/lib:${LD_LIBRARY_PATH} PYTHONPATH=/home/xabier/ws_sensor_combined/src/install/px4_msgs/lib/python3.12/site-packages:${PYTHONPATH} /usr/bin/cmake --install /home/xabier/ws_sensor_combined/src/build/px4_ros_com
[229.689s] Level 1:colcon.colcon_core.environment:checking '/home/xabier/ws_sensor_combined/src/install/px4_ros_com' for CMake config files
[229.689s] Level 1:colcon.colcon_core.shell:create_environment_hook('px4_ros_com', 'cmake_prefix_path')
[229.690s] INFO:colcon.colcon_core.shell:Creating environment descriptor '/home/xabier/ws_sensor_combined/src/install/px4_ros_com/share/px4_ros_com/hook/cmake_prefix_path.dsv'
[229.691s] INFO:colcon.colcon_core.shell:Creating environment hook '/home/xabier/ws_sensor_combined/src/install/px4_ros_com/share/px4_ros_com/hook/cmake_prefix_path.sh'
[229.692s] Level 1:colcon.colcon_core.environment:checking '/home/xabier/ws_sensor_combined/src/install/px4_ros_com/lib'
[229.692s] Level 1:colcon.colcon_core.shell:create_environment_hook('px4_ros_com', 'ld_library_path_lib')
[229.692s] INFO:colcon.colcon_core.shell:Creating environment descriptor '/home/xabier/ws_sensor_combined/src/install/px4_ros_com/share/px4_ros_com/hook/ld_library_path_lib.dsv'
[229.693s] INFO:colcon.colcon_core.shell:Creating environment hook '/home/xabier/ws_sensor_combined/src/install/px4_ros_com/share/px4_ros_com/hook/ld_library_path_lib.sh'
[229.694s] Level 1:colcon.colcon_core.environment:checking '/home/xabier/ws_sensor_combined/src/install/px4_ros_com/bin'
[229.694s] Level 1:colcon.colcon_core.environment:checking '/home/xabier/ws_sensor_combined/src/install/px4_ros_com/lib/pkgconfig/px4_ros_com.pc'
[229.694s] Level 1:colcon.colcon_core.environment:checking '/home/xabier/ws_sensor_combined/src/install/px4_ros_com/lib/python3.12/site-packages'
[229.695s] Level 1:colcon.colcon_core.shell:create_environment_hook('px4_ros_com', 'pythonpath')
[229.695s] INFO:colcon.colcon_core.shell:Creating environment descriptor '/home/xabier/ws_sensor_combined/src/install/px4_ros_com/share/px4_ros_com/hook/pythonpath.dsv'
[229.696s] INFO:colcon.colcon_core.shell:Creating environment hook '/home/xabier/ws_sensor_combined/src/install/px4_ros_com/share/px4_ros_com/hook/pythonpath.sh'
[229.697s] Level 1:colcon.colcon_core.environment:checking '/home/xabier/ws_sensor_combined/src/install/px4_ros_com/bin'
[229.697s] INFO:colcon.colcon_core.shell:Creating package descriptor '/home/xabier/ws_sensor_combined/src/install/px4_ros_com/share/px4_ros_com/package.dsv'
[229.698s] INFO:colcon.colcon_core.shell:Creating package script '/home/xabier/ws_sensor_combined/src/install/px4_ros_com/share/px4_ros_com/package.sh'
[229.699s] INFO:colcon.colcon_core.shell:Creating package script '/home/xabier/ws_sensor_combined/src/install/px4_ros_com/share/px4_ros_com/package.bash'
[229.700s] INFO:colcon.colcon_core.shell:Creating package script '/home/xabier/ws_sensor_combined/src/install/px4_ros_com/share/px4_ros_com/package.zsh'
[229.701s] Level 1:colcon.colcon_core.environment:create_file_with_runtime_dependencies(/home/xabier/ws_sensor_combined/src/install/px4_ros_com/share/colcon-core/packages/px4_ros_com)
[229.703s] Level 1:colcon.colcon_core.environment:create_environment_scripts_only(px4_ros_com)
[229.703s] Level 1:colcon.colcon_core.environment:checking '/home/xabier/ws_sensor_combined/src/install/px4_ros_com' for CMake module files
[229.706s] Level 1:colcon.colcon_core.environment:checking '/home/xabier/ws_sensor_combined/src/install/px4_ros_com' for CMake config files
[229.706s] Level 1:colcon.colcon_core.shell:create_environment_hook('px4_ros_com', 'cmake_prefix_path')
[229.706s] INFO:colcon.colcon_core.shell:Creating environment descriptor '/home/xabier/ws_sensor_combined/src/install/px4_ros_com/share/px4_ros_com/hook/cmake_prefix_path.dsv'
[229.707s] INFO:colcon.colcon_core.shell:Creating environment hook '/home/xabier/ws_sensor_combined/src/install/px4_ros_com/share/px4_ros_com/hook/cmake_prefix_path.sh'
[229.709s] Level 1:colcon.colcon_core.environment:checking '/home/xabier/ws_sensor_combined/src/install/px4_ros_com/lib'
[229.709s] Level 1:colcon.colcon_core.shell:create_environment_hook('px4_ros_com', 'ld_library_path_lib')
[229.709s] INFO:colcon.colcon_core.shell:Creating environment descriptor '/home/xabier/ws_sensor_combined/src/install/px4_ros_com/share/px4_ros_com/hook/ld_library_path_lib.dsv'
[229.710s] INFO:colcon.colcon_core.shell:Creating environment hook '/home/xabier/ws_sensor_combined/src/install/px4_ros_com/share/px4_ros_com/hook/ld_library_path_lib.sh'
[229.711s] Level 1:colcon.colcon_core.environment:checking '/home/xabier/ws_sensor_combined/src/install/px4_ros_com/bin'
[229.711s] Level 1:colcon.colcon_core.environment:checking '/home/xabier/ws_sensor_combined/src/install/px4_ros_com/lib/pkgconfig/px4_ros_com.pc'
[229.711s] Level 1:colcon.colcon_core.environment:checking '/home/xabier/ws_sensor_combined/src/install/px4_ros_com/lib/python3.12/site-packages'
[229.711s] Level 1:colcon.colcon_core.shell:create_environment_hook('px4_ros_com', 'pythonpath')
[229.712s] INFO:colcon.colcon_core.shell:Creating environment descriptor '/home/xabier/ws_sensor_combined/src/install/px4_ros_com/share/px4_ros_com/hook/pythonpath.dsv'
[229.712s] INFO:colcon.colcon_core.shell:Creating environment hook '/home/xabier/ws_sensor_combined/src/install/px4_ros_com/share/px4_ros_com/hook/pythonpath.sh'
[229.714s] Level 1:colcon.colcon_core.environment:checking '/home/xabier/ws_sensor_combined/src/install/px4_ros_com/bin'
[229.714s] INFO:colcon.colcon_core.shell:Creating package descriptor '/home/xabier/ws_sensor_combined/src/install/px4_ros_com/share/px4_ros_com/package.dsv'
[229.715s] INFO:colcon.colcon_core.shell:Creating package script '/home/xabier/ws_sensor_combined/src/install/px4_ros_com/share/px4_ros_com/package.sh'
[229.716s] INFO:colcon.colcon_core.shell:Creating package script '/home/xabier/ws_sensor_combined/src/install/px4_ros_com/share/px4_ros_com/package.bash'
[229.717s] INFO:colcon.colcon_core.shell:Creating package script '/home/xabier/ws_sensor_combined/src/install/px4_ros_com/share/px4_ros_com/package.zsh'
[229.718s] Level 1:colcon.colcon_core.environment:create_file_with_runtime_dependencies(/home/xabier/ws_sensor_combined/src/install/px4_ros_com/share/colcon-core/packages/px4_ros_com)
[229.718s] DEBUG:colcon.colcon_parallel_executor.executor.parallel:closing loop
[229.719s] DEBUG:colcon.colcon_parallel_executor.executor.parallel:loop closed
[229.719s] DEBUG:colcon.colcon_parallel_executor.executor.parallel:run_until_complete finished with '0'
[229.719s] DEBUG:colcon.colcon_core.event_reactor:joining thread
[229.733s] INFO:colcon.colcon_core.plugin_system:Skipping extension 'colcon_notification.desktop_notification.terminal_notifier': Not used on non-Darwin systems
[229.734s] INFO:colcon.colcon_core.plugin_system:Skipping extension 'colcon_notification.desktop_notification.win32': Not used on non-Windows systems
[229.734s] INFO:colcon.colcon_notification.desktop_notification:Sending desktop notification using 'notify2'
[229.770s] DEBUG:colcon.colcon_core.event_reactor:joined thread
[229.771s] INFO:colcon.colcon_core.shell:Creating prefix script '/home/xabier/ws_sensor_combined/src/install/local_setup.sh'
[229.772s] INFO:colcon.colcon_core.shell:Creating prefix util module '/home/xabier/ws_sensor_combined/src/install/_local_setup_util_sh.py'
[229.774s] INFO:colcon.colcon_core.shell:Creating prefix chain script '/home/xabier/ws_sensor_combined/src/install/setup.sh'
[229.776s] INFO:colcon.colcon_core.shell:Creating prefix script '/home/xabier/ws_sensor_combined/src/install/local_setup.bash'
[229.777s] INFO:colcon.colcon_core.shell:Creating prefix chain script '/home/xabier/ws_sensor_combined/src/install/setup.bash'
[229.779s] INFO:colcon.colcon_core.shell:Creating prefix script '/home/xabier/ws_sensor_combined/src/install/local_setup.zsh'
[229.780s] INFO:colcon.colcon_core.shell:Creating prefix chain script '/home/xabier/ws_sensor_combined/src/install/setup.zsh'
