[0.129s] DEBUG:colcon:Command line arguments: ['/usr/bin/colcon', 'build']
[0.129s] DEBUG:colcon:Parsed command line arguments: Namespace(log_base=None, log_level=None, verb_name='build', build_base='build', install_base='install', merge_install=False, symlink_install=False, test_result_base=None, continue_on_error=False, executor='parallel', parallel_workers=12, event_handlers=None, ignore_user_meta=False, metas=['./colcon.meta'], base_paths=['.'], packages_ignore=None, packages_ignore_regex=None, paths=None, packages_up_to=None, packages_up_to_regex=None, packages_above=None, packages_above_and_dependencies=None, packages_above_depth=None, packages_select_by_dep=None, packages_skip_by_dep=None, packages_skip_up_to=None, packages_select_build_failed=False, packages_skip_build_finished=False, packages_select_test_failures=False, packages_skip_test_passed=False, packages_select=None, packages_skip=None, packages_select_regex=None, packages_skip_regex=None, packages_start=None, packages_end=None, cmake_args=None, cmake_target=None, cmake_target_skip_unavailable=False, cmake_clean_cache=False, cmake_clean_first=False, cmake_force_configure=False, ament_cmake_args=None, catkin_cmake_args=None, catkin_skip_building_tests=False, verb_parser=<colcon_defaults.argument_parser.defaults.DefaultArgumentsDecorator object at 0x78491fab0590>, verb_extension=<colcon_core.verb.build.BuildVerb object at 0x78492073eed0>, main=<bound method BuildVerb.main of <colcon_core.verb.build.BuildVerb object at 0x78492073eed0>>)
[0.194s] Level 1:colcon.colcon_core.package_discovery:discover_packages(colcon_meta) check parameters
[0.195s] Level 1:colcon.colcon_core.package_discovery:discover_packages(recursive) check parameters
[0.195s] Level 1:colcon.colcon_core.package_discovery:discover_packages(ignore) check parameters
[0.195s] Level 1:colcon.colcon_core.package_discovery:discover_packages(path) check parameters
[0.195s] Level 1:colcon.colcon_core.package_discovery:discover_packages(colcon_meta) discover
[0.195s] Level 1:colcon.colcon_core.package_discovery:discover_packages(recursive) discover
[0.195s] INFO:colcon.colcon_core.package_discovery:Crawling recursively for packages in '/home/xabier/Drone-project/ws_sensor_combined'
[0.195s] Level 1:colcon.colcon_core.package_identification:_identify(.) by extensions ['ignore', 'ignore_ament_install']
[0.195s] Level 1:colcon.colcon_core.package_identification:_identify(.) by extension 'ignore'
[0.195s] Level 1:colcon.colcon_core.package_identification:_identify(.) by extension 'ignore_ament_install'
[0.195s] Level 1:colcon.colcon_core.package_identification:_identify(.) by extensions ['colcon_pkg']
[0.195s] Level 1:colcon.colcon_core.package_identification:_identify(.) by extension 'colcon_pkg'
[0.195s] Level 1:colcon.colcon_core.package_identification:_identify(.) by extensions ['colcon_meta']
[0.195s] Level 1:colcon.colcon_core.package_identification:_identify(.) by extension 'colcon_meta'
[0.196s] Level 1:colcon.colcon_core.package_identification:_identify(.) by extensions ['ros']
[0.196s] Level 1:colcon.colcon_core.package_identification:_identify(.) by extension 'ros'
[0.235s] Level 1:colcon.colcon_core.package_identification:_identify(.) by extensions ['cmake', 'python']
[0.235s] Level 1:colcon.colcon_core.package_identification:_identify(.) by extension 'cmake'
[0.235s] Level 1:colcon.colcon_core.package_identification:_identify(.) by extension 'python'
[0.235s] Level 1:colcon.colcon_core.package_identification:_identify(.) by extensions ['python_setup_py']
[0.235s] Level 1:colcon.colcon_core.package_identification:_identify(.) by extension 'python_setup_py'
[0.235s] Level 1:colcon.colcon_core.package_identification:_identify(build) by extensions ['ignore', 'ignore_ament_install']
[0.235s] Level 1:colcon.colcon_core.package_identification:_identify(build) by extension 'ignore'
[0.236s] Level 1:colcon.colcon_core.package_identification:_identify(build) ignored
[0.236s] Level 1:colcon.colcon_core.package_identification:_identify(install) by extensions ['ignore', 'ignore_ament_install']
[0.236s] Level 1:colcon.colcon_core.package_identification:_identify(install) by extension 'ignore'
[0.236s] Level 1:colcon.colcon_core.package_identification:_identify(install) ignored
[0.236s] Level 1:colcon.colcon_core.package_identification:_identify(log) by extensions ['ignore', 'ignore_ament_install']
[0.236s] Level 1:colcon.colcon_core.package_identification:_identify(log) by extension 'ignore'
[0.236s] Level 1:colcon.colcon_core.package_identification:_identify(log) ignored
[0.236s] Level 1:colcon.colcon_core.package_identification:_identify(src) by extensions ['ignore', 'ignore_ament_install']
[0.236s] Level 1:colcon.colcon_core.package_identification:_identify(src) by extension 'ignore'
[0.236s] Level 1:colcon.colcon_core.package_identification:_identify(src) by extension 'ignore_ament_install'
[0.236s] Level 1:colcon.colcon_core.package_identification:_identify(src) by extensions ['colcon_pkg']
[0.236s] Level 1:colcon.colcon_core.package_identification:_identify(src) by extension 'colcon_pkg'
[0.236s] Level 1:colcon.colcon_core.package_identification:_identify(src) by extensions ['colcon_meta']
[0.236s] Level 1:colcon.colcon_core.package_identification:_identify(src) by extension 'colcon_meta'
[0.237s] Level 1:colcon.colcon_core.package_identification:_identify(src) by extensions ['ros']
[0.237s] Level 1:colcon.colcon_core.package_identification:_identify(src) by extension 'ros'
[0.237s] Level 1:colcon.colcon_core.package_identification:_identify(src) by extensions ['cmake', 'python']
[0.237s] Level 1:colcon.colcon_core.package_identification:_identify(src) by extension 'cmake'
[0.237s] Level 1:colcon.colcon_core.package_identification:_identify(src) by extension 'python'
[0.237s] Level 1:colcon.colcon_core.package_identification:_identify(src) by extensions ['python_setup_py']
[0.237s] Level 1:colcon.colcon_core.package_identification:_identify(src) by extension 'python_setup_py'
[0.237s] Level 1:colcon.colcon_core.package_identification:_identify(src/build) by extensions ['ignore', 'ignore_ament_install']
[0.237s] Level 1:colcon.colcon_core.package_identification:_identify(src/build) by extension 'ignore'
[0.237s] Level 1:colcon.colcon_core.package_identification:_identify(src/build) ignored
[0.237s] Level 1:colcon.colcon_core.package_identification:_identify(src/install) by extensions ['ignore', 'ignore_ament_install']
[0.237s] Level 1:colcon.colcon_core.package_identification:_identify(src/install) by extension 'ignore'
[0.237s] Level 1:colcon.colcon_core.package_identification:_identify(src/install) ignored
[0.237s] Level 1:colcon.colcon_core.package_identification:_identify(src/log) by extensions ['ignore', 'ignore_ament_install']
[0.237s] Level 1:colcon.colcon_core.package_identification:_identify(src/log) by extension 'ignore'
[0.237s] Level 1:colcon.colcon_core.package_identification:_identify(src/log) ignored
[0.238s] Level 1:colcon.colcon_core.package_identification:_identify(src/px4_msgs) by extensions ['ignore', 'ignore_ament_install']
[0.238s] Level 1:colcon.colcon_core.package_identification:_identify(src/px4_msgs) by extension 'ignore'
[0.238s] Level 1:colcon.colcon_core.package_identification:_identify(src/px4_msgs) by extension 'ignore_ament_install'
[0.238s] Level 1:colcon.colcon_core.package_identification:_identify(src/px4_msgs) by extensions ['colcon_pkg']
[0.238s] Level 1:colcon.colcon_core.package_identification:_identify(src/px4_msgs) by extension 'colcon_pkg'
[0.238s] Level 1:colcon.colcon_core.package_identification:_identify(src/px4_msgs) by extensions ['colcon_meta']
[0.238s] Level 1:colcon.colcon_core.package_identification:_identify(src/px4_msgs) by extension 'colcon_meta'
[0.238s] Level 1:colcon.colcon_core.package_identification:_identify(src/px4_msgs) by extensions ['ros']
[0.238s] Level 1:colcon.colcon_core.package_identification:_identify(src/px4_msgs) by extension 'ros'
[0.242s] DEBUG:colcon.colcon_core.package_identification:Package 'src/px4_msgs' with type 'ros.ament_cmake' and name 'px4_msgs'
[0.242s] Level 1:colcon.colcon_core.package_identification:_identify(src/px4_ros_com) by extensions ['ignore', 'ignore_ament_install']
[0.242s] Level 1:colcon.colcon_core.package_identification:_identify(src/px4_ros_com) by extension 'ignore'
[0.243s] Level 1:colcon.colcon_core.package_identification:_identify(src/px4_ros_com) by extension 'ignore_ament_install'
[0.243s] Level 1:colcon.colcon_core.package_identification:_identify(src/px4_ros_com) by extensions ['colcon_pkg']
[0.243s] Level 1:colcon.colcon_core.package_identification:_identify(src/px4_ros_com) by extension 'colcon_pkg'
[0.243s] Level 1:colcon.colcon_core.package_identification:_identify(src/px4_ros_com) by extensions ['colcon_meta']
[0.243s] Level 1:colcon.colcon_core.package_identification:_identify(src/px4_ros_com) by extension 'colcon_meta'
[0.243s] Level 1:colcon.colcon_core.package_identification:_identify(src/px4_ros_com) by extensions ['ros']
[0.243s] Level 1:colcon.colcon_core.package_identification:_identify(src/px4_ros_com) by extension 'ros'
[0.244s] DEBUG:colcon.colcon_core.package_identification:Package 'src/px4_ros_com' with type 'ros.ament_cmake' and name 'px4_ros_com'
[0.244s] Level 1:colcon.colcon_core.package_discovery:discover_packages(recursive) using defaults
[0.244s] Level 1:colcon.colcon_core.package_discovery:discover_packages(ignore) discover
[0.244s] Level 1:colcon.colcon_core.package_discovery:discover_packages(ignore) using defaults
[0.244s] Level 1:colcon.colcon_core.package_discovery:discover_packages(path) discover
[0.244s] Level 1:colcon.colcon_core.package_discovery:discover_packages(path) using defaults
[0.272s] Level 5:colcon.colcon_core.verb:set package 'px4_msgs' build argument 'cmake_args' from command line to 'None'
[0.272s] Level 5:colcon.colcon_core.verb:set package 'px4_msgs' build argument 'cmake_target' from command line to 'None'
[0.272s] Level 5:colcon.colcon_core.verb:set package 'px4_msgs' build argument 'cmake_target_skip_unavailable' from command line to 'False'
[0.272s] Level 5:colcon.colcon_core.verb:set package 'px4_msgs' build argument 'cmake_clean_cache' from command line to 'False'
[0.272s] Level 5:colcon.colcon_core.verb:set package 'px4_msgs' build argument 'cmake_clean_first' from command line to 'False'
[0.272s] Level 5:colcon.colcon_core.verb:set package 'px4_msgs' build argument 'cmake_force_configure' from command line to 'False'
[0.272s] Level 5:colcon.colcon_core.verb:set package 'px4_msgs' build argument 'ament_cmake_args' from command line to 'None'
[0.272s] Level 5:colcon.colcon_core.verb:set package 'px4_msgs' build argument 'catkin_cmake_args' from command line to 'None'
[0.272s] Level 5:colcon.colcon_core.verb:set package 'px4_msgs' build argument 'catkin_skip_building_tests' from command line to 'False'
[0.272s] DEBUG:colcon.colcon_core.verb:Building package 'px4_msgs' with the following arguments: {'ament_cmake_args': None, 'build_base': '/home/xabier/Drone-project/ws_sensor_combined/build/px4_msgs', 'catkin_cmake_args': None, 'catkin_skip_building_tests': False, 'cmake_args': None, 'cmake_clean_cache': False, 'cmake_clean_first': False, 'cmake_force_configure': False, 'cmake_target': None, 'cmake_target_skip_unavailable': False, 'install_base': '/home/xabier/Drone-project/ws_sensor_combined/install/px4_msgs', 'merge_install': False, 'path': '/home/xabier/Drone-project/ws_sensor_combined/src/px4_msgs', 'symlink_install': False, 'test_result_base': None}
[0.273s] Level 5:colcon.colcon_core.verb:set package 'px4_ros_com' build argument 'cmake_args' from command line to 'None'
[0.273s] Level 5:colcon.colcon_core.verb:set package 'px4_ros_com' build argument 'cmake_target' from command line to 'None'
[0.273s] Level 5:colcon.colcon_core.verb:set package 'px4_ros_com' build argument 'cmake_target_skip_unavailable' from command line to 'False'
[0.273s] Level 5:colcon.colcon_core.verb:set package 'px4_ros_com' build argument 'cmake_clean_cache' from command line to 'False'
[0.273s] Level 5:colcon.colcon_core.verb:set package 'px4_ros_com' build argument 'cmake_clean_first' from command line to 'False'
[0.273s] Level 5:colcon.colcon_core.verb:set package 'px4_ros_com' build argument 'cmake_force_configure' from command line to 'False'
[0.273s] Level 5:colcon.colcon_core.verb:set package 'px4_ros_com' build argument 'ament_cmake_args' from command line to 'None'
[0.273s] Level 5:colcon.colcon_core.verb:set package 'px4_ros_com' build argument 'catkin_cmake_args' from command line to 'None'
[0.273s] Level 5:colcon.colcon_core.verb:set package 'px4_ros_com' build argument 'catkin_skip_building_tests' from command line to 'False'
[0.273s] DEBUG:colcon.colcon_core.verb:Building package 'px4_ros_com' with the following arguments: {'ament_cmake_args': None, 'build_base': '/home/xabier/Drone-project/ws_sensor_combined/build/px4_ros_com', 'catkin_cmake_args': None, 'catkin_skip_building_tests': False, 'cmake_args': None, 'cmake_clean_cache': False, 'cmake_clean_first': False, 'cmake_force_configure': False, 'cmake_target': None, 'cmake_target_skip_unavailable': False, 'install_base': '/home/xabier/Drone-project/ws_sensor_combined/install/px4_ros_com', 'merge_install': False, 'path': '/home/xabier/Drone-project/ws_sensor_combined/src/px4_ros_com', 'symlink_install': False, 'test_result_base': None}
[0.273s] INFO:colcon.colcon_core.executor:Executing jobs using 'parallel' executor
[0.275s] DEBUG:colcon.colcon_parallel_executor.executor.parallel:run_until_complete
[0.275s] INFO:colcon.colcon_ros.task.ament_cmake.build:Building ROS package in '/home/xabier/Drone-project/ws_sensor_combined/src/px4_msgs' with build type 'ament_cmake'
[0.275s] INFO:colcon.colcon_cmake.task.cmake.build:Building CMake package in '/home/xabier/Drone-project/ws_sensor_combined/src/px4_msgs'
[0.280s] INFO:colcon.colcon_core.plugin_system:Skipping extension 'colcon_core.shell.bat': Not used on non-Windows systems
[0.281s] DEBUG:colcon.colcon_core.shell:Skip shell extension 'dsv' for command environment
[0.295s] DEBUG:colcon.colcon_core.event_handler.log_command:Invoking command in '/home/xabier/Drone-project/ws_sensor_combined/build/px4_msgs': CMAKE_PREFIX_PATH=${CMAKE_PREFIX_PATH}:/opt/ros/jazzy DEBUGINFOD_URLS=https://debuginfod.ubuntu.com /usr/bin/cmake /home/xabier/Drone-project/ws_sensor_combined/src/px4_msgs -DCMAKE_INSTALL_PREFIX=/home/xabier/Drone-project/ws_sensor_combined/install/px4_msgs
[7.259s] DEBUG:colcon.colcon_core.event_handler.log_command:Invoked command in '/home/xabier/Drone-project/ws_sensor_combined/build/px4_msgs' returned '0': CMAKE_PREFIX_PATH=${CMAKE_PREFIX_PATH}:/opt/ros/jazzy DEBUGINFOD_URLS=https://debuginfod.ubuntu.com /usr/bin/cmake /home/xabier/Drone-project/ws_sensor_combined/src/px4_msgs -DCMAKE_INSTALL_PREFIX=/home/xabier/Drone-project/ws_sensor_combined/install/px4_msgs
[7.260s] DEBUG:colcon.colcon_core.event_handler.log_command:Invoking command in '/home/xabier/Drone-project/ws_sensor_combined/build/px4_msgs': CMAKE_PREFIX_PATH=${CMAKE_PREFIX_PATH}:/opt/ros/jazzy DEBUGINFOD_URLS=https://debuginfod.ubuntu.com /usr/bin/cmake --build /home/xabier/Drone-project/ws_sensor_combined/build/px4_msgs -- -j12 -l12
[293.712s] DEBUG:colcon.colcon_core.event_handler.log_command:Invoked command in '/home/xabier/Drone-project/ws_sensor_combined/build/px4_msgs' returned '0': CMAKE_PREFIX_PATH=${CMAKE_PREFIX_PATH}:/opt/ros/jazzy DEBUGINFOD_URLS=https://debuginfod.ubuntu.com /usr/bin/cmake --build /home/xabier/Drone-project/ws_sensor_combined/build/px4_msgs -- -j12 -l12
[293.737s] DEBUG:colcon.colcon_core.event_handler.log_command:Invoking command in '/home/xabier/Drone-project/ws_sensor_combined/build/px4_msgs': CMAKE_PREFIX_PATH=${CMAKE_PREFIX_PATH}:/opt/ros/jazzy DEBUGINFOD_URLS=https://debuginfod.ubuntu.com /usr/bin/cmake --install /home/xabier/Drone-project/ws_sensor_combined/build/px4_msgs
[295.696s] Level 1:colcon.colcon_core.environment:create_environment_scripts_only(px4_msgs)
[295.697s] DEBUG:colcon.colcon_core.event_handler.log_command:Invoked command in '/home/xabier/Drone-project/ws_sensor_combined/build/px4_msgs' returned '0': CMAKE_PREFIX_PATH=${CMAKE_PREFIX_PATH}:/opt/ros/jazzy DEBUGINFOD_URLS=https://debuginfod.ubuntu.com /usr/bin/cmake --install /home/xabier/Drone-project/ws_sensor_combined/build/px4_msgs
[295.710s] Level 1:colcon.colcon_core.environment:checking '/home/xabier/Drone-project/ws_sensor_combined/install/px4_msgs' for CMake module files
[295.711s] Level 1:colcon.colcon_core.environment:checking '/home/xabier/Drone-project/ws_sensor_combined/install/px4_msgs' for CMake config files
[295.712s] Level 1:colcon.colcon_core.shell:create_environment_hook('px4_msgs', 'cmake_prefix_path')
[295.712s] INFO:colcon.colcon_core.shell:Creating environment descriptor '/home/xabier/Drone-project/ws_sensor_combined/install/px4_msgs/share/px4_msgs/hook/cmake_prefix_path.dsv'
[295.713s] INFO:colcon.colcon_core.shell:Creating environment hook '/home/xabier/Drone-project/ws_sensor_combined/install/px4_msgs/share/px4_msgs/hook/cmake_prefix_path.sh'
[295.715s] Level 1:colcon.colcon_core.environment:checking '/home/xabier/Drone-project/ws_sensor_combined/install/px4_msgs/lib'
[295.715s] Level 1:colcon.colcon_core.shell:create_environment_hook('px4_msgs', 'ld_library_path_lib')
[295.716s] INFO:colcon.colcon_core.shell:Creating environment descriptor '/home/xabier/Drone-project/ws_sensor_combined/install/px4_msgs/share/px4_msgs/hook/ld_library_path_lib.dsv'
[295.716s] INFO:colcon.colcon_core.shell:Creating environment hook '/home/xabier/Drone-project/ws_sensor_combined/install/px4_msgs/share/px4_msgs/hook/ld_library_path_lib.sh'
[295.717s] Level 1:colcon.colcon_core.environment:checking '/home/xabier/Drone-project/ws_sensor_combined/install/px4_msgs/bin'
[295.717s] Level 1:colcon.colcon_core.environment:checking '/home/xabier/Drone-project/ws_sensor_combined/install/px4_msgs/lib/pkgconfig/px4_msgs.pc'
[295.721s] Level 1:colcon.colcon_core.environment:checking '/home/xabier/Drone-project/ws_sensor_combined/install/px4_msgs/lib/python3.12/site-packages'
[295.721s] Level 1:colcon.colcon_core.shell:create_environment_hook('px4_msgs', 'pythonpath')
[295.721s] INFO:colcon.colcon_core.shell:Creating environment descriptor '/home/xabier/Drone-project/ws_sensor_combined/install/px4_msgs/share/px4_msgs/hook/pythonpath.dsv'
[295.722s] INFO:colcon.colcon_core.shell:Creating environment hook '/home/xabier/Drone-project/ws_sensor_combined/install/px4_msgs/share/px4_msgs/hook/pythonpath.sh'
[295.723s] Level 1:colcon.colcon_core.environment:checking '/home/xabier/Drone-project/ws_sensor_combined/install/px4_msgs/bin'
[295.723s] INFO:colcon.colcon_core.shell:Creating package descriptor '/home/xabier/Drone-project/ws_sensor_combined/install/px4_msgs/share/px4_msgs/package.dsv'
[295.725s] INFO:colcon.colcon_core.shell:Creating package script '/home/xabier/Drone-project/ws_sensor_combined/install/px4_msgs/share/px4_msgs/package.sh'
[295.726s] INFO:colcon.colcon_core.shell:Creating package script '/home/xabier/Drone-project/ws_sensor_combined/install/px4_msgs/share/px4_msgs/package.bash'
[295.728s] INFO:colcon.colcon_core.shell:Creating package script '/home/xabier/Drone-project/ws_sensor_combined/install/px4_msgs/share/px4_msgs/package.zsh'
[295.729s] Level 1:colcon.colcon_core.environment:create_file_with_runtime_dependencies(/home/xabier/Drone-project/ws_sensor_combined/install/px4_msgs/share/colcon-core/packages/px4_msgs)
[295.730s] Level 1:colcon.colcon_core.environment:create_environment_scripts_only(px4_msgs)
[295.730s] Level 1:colcon.colcon_core.environment:checking '/home/xabier/Drone-project/ws_sensor_combined/install/px4_msgs' for CMake module files
[295.732s] Level 1:colcon.colcon_core.environment:checking '/home/xabier/Drone-project/ws_sensor_combined/install/px4_msgs' for CMake config files
[295.732s] Level 1:colcon.colcon_core.shell:create_environment_hook('px4_msgs', 'cmake_prefix_path')
[295.732s] INFO:colcon.colcon_core.shell:Creating environment descriptor '/home/xabier/Drone-project/ws_sensor_combined/install/px4_msgs/share/px4_msgs/hook/cmake_prefix_path.dsv'
[295.733s] INFO:colcon.colcon_core.shell:Creating environment hook '/home/xabier/Drone-project/ws_sensor_combined/install/px4_msgs/share/px4_msgs/hook/cmake_prefix_path.sh'
[295.734s] Level 1:colcon.colcon_core.environment:checking '/home/xabier/Drone-project/ws_sensor_combined/install/px4_msgs/lib'
[295.734s] Level 1:colcon.colcon_core.shell:create_environment_hook('px4_msgs', 'ld_library_path_lib')
[295.734s] INFO:colcon.colcon_core.shell:Creating environment descriptor '/home/xabier/Drone-project/ws_sensor_combined/install/px4_msgs/share/px4_msgs/hook/ld_library_path_lib.dsv'
[295.735s] INFO:colcon.colcon_core.shell:Creating environment hook '/home/xabier/Drone-project/ws_sensor_combined/install/px4_msgs/share/px4_msgs/hook/ld_library_path_lib.sh'
[295.736s] Level 1:colcon.colcon_core.environment:checking '/home/xabier/Drone-project/ws_sensor_combined/install/px4_msgs/bin'
[295.736s] Level 1:colcon.colcon_core.environment:checking '/home/xabier/Drone-project/ws_sensor_combined/install/px4_msgs/lib/pkgconfig/px4_msgs.pc'
[295.737s] Level 1:colcon.colcon_core.environment:checking '/home/xabier/Drone-project/ws_sensor_combined/install/px4_msgs/lib/python3.12/site-packages'
[295.737s] Level 1:colcon.colcon_core.shell:create_environment_hook('px4_msgs', 'pythonpath')
[295.737s] INFO:colcon.colcon_core.shell:Creating environment descriptor '/home/xabier/Drone-project/ws_sensor_combined/install/px4_msgs/share/px4_msgs/hook/pythonpath.dsv'
[295.738s] INFO:colcon.colcon_core.shell:Creating environment hook '/home/xabier/Drone-project/ws_sensor_combined/install/px4_msgs/share/px4_msgs/hook/pythonpath.sh'
[295.739s] Level 1:colcon.colcon_core.environment:checking '/home/xabier/Drone-project/ws_sensor_combined/install/px4_msgs/bin'
[295.740s] INFO:colcon.colcon_core.shell:Creating package descriptor '/home/xabier/Drone-project/ws_sensor_combined/install/px4_msgs/share/px4_msgs/package.dsv'
[295.741s] INFO:colcon.colcon_core.shell:Creating package script '/home/xabier/Drone-project/ws_sensor_combined/install/px4_msgs/share/px4_msgs/package.sh'
[295.742s] INFO:colcon.colcon_core.shell:Creating package script '/home/xabier/Drone-project/ws_sensor_combined/install/px4_msgs/share/px4_msgs/package.bash'
[295.743s] INFO:colcon.colcon_core.shell:Creating package script '/home/xabier/Drone-project/ws_sensor_combined/install/px4_msgs/share/px4_msgs/package.zsh'
[295.744s] Level 1:colcon.colcon_core.environment:create_file_with_runtime_dependencies(/home/xabier/Drone-project/ws_sensor_combined/install/px4_msgs/share/colcon-core/packages/px4_msgs)
[295.744s] INFO:colcon.colcon_ros.task.ament_cmake.build:Building ROS package in '/home/xabier/Drone-project/ws_sensor_combined/src/px4_ros_com' with build type 'ament_cmake'
[295.745s] INFO:colcon.colcon_cmake.task.cmake.build:Building CMake package in '/home/xabier/Drone-project/ws_sensor_combined/src/px4_ros_com'
[295.745s] DEBUG:colcon.colcon_core.shell:Skip shell extension 'dsv' for command environment
[295.763s] DEBUG:colcon.colcon_core.event_handler.log_command:Invoking command in '/home/xabier/Drone-project/ws_sensor_combined/build/px4_ros_com': AMENT_PREFIX_PATH=/home/xabier/Drone-project/ws_sensor_combined/install/px4_msgs:${AMENT_PREFIX_PATH} CMAKE_PREFIX_PATH=/home/xabier/Drone-project/ws_sensor_combined/install/px4_msgs:/opt/ros/jazzy/opt/gz_sim_vendor:/opt/ros/jazzy/opt/gz_sensors_vendor:/opt/ros/jazzy/opt/gz_physics_vendor:/opt/ros/jazzy/opt/sdformat_vendor:/opt/ros/jazzy/opt/gz_gui_vendor:/opt/ros/jazzy/opt/gz_transport_vendor:/opt/ros/jazzy/opt/gz_rendering_vendor:/opt/ros/jazzy/opt/gz_plugin_vendor:/opt/ros/jazzy/opt/gz_fuel_tools_vendor:/opt/ros/jazzy/opt/gz_msgs_vendor:/opt/ros/jazzy/opt/gz_common_vendor:/opt/ros/jazzy/opt/gz_math_vendor:/opt/ros/jazzy/opt/gz_utils_vendor:/opt/ros/jazzy/opt/gz_tools_vendor:/opt/ros/jazzy/opt/gz_ogre_next_vendor:/opt/ros/jazzy/opt/gz_dartsim_vendor:/opt/ros/jazzy/opt/gz_cmake_vendor:/opt/ros/jazzy DEBUGINFOD_URLS=https://debuginfod.ubuntu.com LD_LIBRARY_PATH=/home/xabier/Drone-project/ws_sensor_combined/install/px4_msgs/lib:${LD_LIBRARY_PATH} PYTHONPATH=/home/xabier/Drone-project/ws_sensor_combined/install/px4_msgs/lib/python3.12/site-packages:${PYTHONPATH} /usr/bin/cmake /home/xabier/Drone-project/ws_sensor_combined/src/px4_ros_com -DCMAKE_INSTALL_PREFIX=/home/xabier/Drone-project/ws_sensor_combined/install/px4_ros_com
[297.816s] DEBUG:colcon.colcon_core.event_handler.log_command:Invoked command in '/home/xabier/Drone-project/ws_sensor_combined/build/px4_ros_com' returned '0': AMENT_PREFIX_PATH=/home/xabier/Drone-project/ws_sensor_combined/install/px4_msgs:${AMENT_PREFIX_PATH} CMAKE_PREFIX_PATH=/home/xabier/Drone-project/ws_sensor_combined/install/px4_msgs:/opt/ros/jazzy/opt/gz_sim_vendor:/opt/ros/jazzy/opt/gz_sensors_vendor:/opt/ros/jazzy/opt/gz_physics_vendor:/opt/ros/jazzy/opt/sdformat_vendor:/opt/ros/jazzy/opt/gz_gui_vendor:/opt/ros/jazzy/opt/gz_transport_vendor:/opt/ros/jazzy/opt/gz_rendering_vendor:/opt/ros/jazzy/opt/gz_plugin_vendor:/opt/ros/jazzy/opt/gz_fuel_tools_vendor:/opt/ros/jazzy/opt/gz_msgs_vendor:/opt/ros/jazzy/opt/gz_common_vendor:/opt/ros/jazzy/opt/gz_math_vendor:/opt/ros/jazzy/opt/gz_utils_vendor:/opt/ros/jazzy/opt/gz_tools_vendor:/opt/ros/jazzy/opt/gz_ogre_next_vendor:/opt/ros/jazzy/opt/gz_dartsim_vendor:/opt/ros/jazzy/opt/gz_cmake_vendor:/opt/ros/jazzy DEBUGINFOD_URLS=https://debuginfod.ubuntu.com LD_LIBRARY_PATH=/home/xabier/Drone-project/ws_sensor_combined/install/px4_msgs/lib:${LD_LIBRARY_PATH} PYTHONPATH=/home/xabier/Drone-project/ws_sensor_combined/install/px4_msgs/lib/python3.12/site-packages:${PYTHONPATH} /usr/bin/cmake /home/xabier/Drone-project/ws_sensor_combined/src/px4_ros_com -DCMAKE_INSTALL_PREFIX=/home/xabier/Drone-project/ws_sensor_combined/install/px4_ros_com
[297.819s] DEBUG:colcon.colcon_core.event_handler.log_command:Invoking command in '/home/xabier/Drone-project/ws_sensor_combined/build/px4_ros_com': AMENT_PREFIX_PATH=/home/xabier/Drone-project/ws_sensor_combined/install/px4_msgs:${AMENT_PREFIX_PATH} CMAKE_PREFIX_PATH=/home/xabier/Drone-project/ws_sensor_combined/install/px4_msgs:/opt/ros/jazzy/opt/gz_sim_vendor:/opt/ros/jazzy/opt/gz_sensors_vendor:/opt/ros/jazzy/opt/gz_physics_vendor:/opt/ros/jazzy/opt/sdformat_vendor:/opt/ros/jazzy/opt/gz_gui_vendor:/opt/ros/jazzy/opt/gz_transport_vendor:/opt/ros/jazzy/opt/gz_rendering_vendor:/opt/ros/jazzy/opt/gz_plugin_vendor:/opt/ros/jazzy/opt/gz_fuel_tools_vendor:/opt/ros/jazzy/opt/gz_msgs_vendor:/opt/ros/jazzy/opt/gz_common_vendor:/opt/ros/jazzy/opt/gz_math_vendor:/opt/ros/jazzy/opt/gz_utils_vendor:/opt/ros/jazzy/opt/gz_tools_vendor:/opt/ros/jazzy/opt/gz_ogre_next_vendor:/opt/ros/jazzy/opt/gz_dartsim_vendor:/opt/ros/jazzy/opt/gz_cmake_vendor:/opt/ros/jazzy DEBUGINFOD_URLS=https://debuginfod.ubuntu.com LD_LIBRARY_PATH=/home/xabier/Drone-project/ws_sensor_combined/install/px4_msgs/lib:${LD_LIBRARY_PATH} PYTHONPATH=/home/xabier/Drone-project/ws_sensor_combined/install/px4_msgs/lib/python3.12/site-packages:${PYTHONPATH} /usr/bin/cmake --build /home/xabier/Drone-project/ws_sensor_combined/build/px4_ros_com -- -j12 -l12
[308.666s] DEBUG:colcon.colcon_core.event_handler.log_command:Invoked command in '/home/xabier/Drone-project/ws_sensor_combined/build/px4_ros_com' returned '0': AMENT_PREFIX_PATH=/home/xabier/Drone-project/ws_sensor_combined/install/px4_msgs:${AMENT_PREFIX_PATH} CMAKE_PREFIX_PATH=/home/xabier/Drone-project/ws_sensor_combined/install/px4_msgs:/opt/ros/jazzy/opt/gz_sim_vendor:/opt/ros/jazzy/opt/gz_sensors_vendor:/opt/ros/jazzy/opt/gz_physics_vendor:/opt/ros/jazzy/opt/sdformat_vendor:/opt/ros/jazzy/opt/gz_gui_vendor:/opt/ros/jazzy/opt/gz_transport_vendor:/opt/ros/jazzy/opt/gz_rendering_vendor:/opt/ros/jazzy/opt/gz_plugin_vendor:/opt/ros/jazzy/opt/gz_fuel_tools_vendor:/opt/ros/jazzy/opt/gz_msgs_vendor:/opt/ros/jazzy/opt/gz_common_vendor:/opt/ros/jazzy/opt/gz_math_vendor:/opt/ros/jazzy/opt/gz_utils_vendor:/opt/ros/jazzy/opt/gz_tools_vendor:/opt/ros/jazzy/opt/gz_ogre_next_vendor:/opt/ros/jazzy/opt/gz_dartsim_vendor:/opt/ros/jazzy/opt/gz_cmake_vendor:/opt/ros/jazzy DEBUGINFOD_URLS=https://debuginfod.ubuntu.com LD_LIBRARY_PATH=/home/xabier/Drone-project/ws_sensor_combined/install/px4_msgs/lib:${LD_LIBRARY_PATH} PYTHONPATH=/home/xabier/Drone-project/ws_sensor_combined/install/px4_msgs/lib/python3.12/site-packages:${PYTHONPATH} /usr/bin/cmake --build /home/xabier/Drone-project/ws_sensor_combined/build/px4_ros_com -- -j12 -l12
[308.667s] DEBUG:colcon.colcon_core.event_handler.log_command:Invoking command in '/home/xabier/Drone-project/ws_sensor_combined/build/px4_ros_com': AMENT_PREFIX_PATH=/home/xabier/Drone-project/ws_sensor_combined/install/px4_msgs:${AMENT_PREFIX_PATH} CMAKE_PREFIX_PATH=/home/xabier/Drone-project/ws_sensor_combined/install/px4_msgs:/opt/ros/jazzy/opt/gz_sim_vendor:/opt/ros/jazzy/opt/gz_sensors_vendor:/opt/ros/jazzy/opt/gz_physics_vendor:/opt/ros/jazzy/opt/sdformat_vendor:/opt/ros/jazzy/opt/gz_gui_vendor:/opt/ros/jazzy/opt/gz_transport_vendor:/opt/ros/jazzy/opt/gz_rendering_vendor:/opt/ros/jazzy/opt/gz_plugin_vendor:/opt/ros/jazzy/opt/gz_fuel_tools_vendor:/opt/ros/jazzy/opt/gz_msgs_vendor:/opt/ros/jazzy/opt/gz_common_vendor:/opt/ros/jazzy/opt/gz_math_vendor:/opt/ros/jazzy/opt/gz_utils_vendor:/opt/ros/jazzy/opt/gz_tools_vendor:/opt/ros/jazzy/opt/gz_ogre_next_vendor:/opt/ros/jazzy/opt/gz_dartsim_vendor:/opt/ros/jazzy/opt/gz_cmake_vendor:/opt/ros/jazzy DEBUGINFOD_URLS=https://debuginfod.ubuntu.com LD_LIBRARY_PATH=/home/xabier/Drone-project/ws_sensor_combined/install/px4_msgs/lib:${LD_LIBRARY_PATH} PYTHONPATH=/home/xabier/Drone-project/ws_sensor_combined/install/px4_msgs/lib/python3.12/site-packages:${PYTHONPATH} /usr/bin/cmake --install /home/xabier/Drone-project/ws_sensor_combined/build/px4_ros_com
[308.770s] Level 1:colcon.colcon_core.environment:create_environment_scripts_only(px4_ros_com)
[308.770s] Level 1:colcon.colcon_core.environment:checking '/home/xabier/Drone-project/ws_sensor_combined/install/px4_ros_com' for CMake module files
[308.771s] DEBUG:colcon.colcon_core.event_handler.log_command:Invoked command in '/home/xabier/Drone-project/ws_sensor_combined/build/px4_ros_com' returned '0': AMENT_PREFIX_PATH=/home/xabier/Drone-project/ws_sensor_combined/install/px4_msgs:${AMENT_PREFIX_PATH} CMAKE_PREFIX_PATH=/home/xabier/Drone-project/ws_sensor_combined/install/px4_msgs:/opt/ros/jazzy/opt/gz_sim_vendor:/opt/ros/jazzy/opt/gz_sensors_vendor:/opt/ros/jazzy/opt/gz_physics_vendor:/opt/ros/jazzy/opt/sdformat_vendor:/opt/ros/jazzy/opt/gz_gui_vendor:/opt/ros/jazzy/opt/gz_transport_vendor:/opt/ros/jazzy/opt/gz_rendering_vendor:/opt/ros/jazzy/opt/gz_plugin_vendor:/opt/ros/jazzy/opt/gz_fuel_tools_vendor:/opt/ros/jazzy/opt/gz_msgs_vendor:/opt/ros/jazzy/opt/gz_common_vendor:/opt/ros/jazzy/opt/gz_math_vendor:/opt/ros/jazzy/opt/gz_utils_vendor:/opt/ros/jazzy/opt/gz_tools_vendor:/opt/ros/jazzy/opt/gz_ogre_next_vendor:/opt/ros/jazzy/opt/gz_dartsim_vendor:/opt/ros/jazzy/opt/gz_cmake_vendor:/opt/ros/jazzy DEBUGINFOD_URLS=https://debuginfod.ubuntu.com LD_LIBRARY_PATH=/home/xabier/Drone-project/ws_sensor_combined/install/px4_msgs/lib:${LD_LIBRARY_PATH} PYTHONPATH=/home/xabier/Drone-project/ws_sensor_combined/install/px4_msgs/lib/python3.12/site-packages:${PYTHONPATH} /usr/bin/cmake --install /home/xabier/Drone-project/ws_sensor_combined/build/px4_ros_com
[308.772s] Level 1:colcon.colcon_core.environment:checking '/home/xabier/Drone-project/ws_sensor_combined/install/px4_ros_com' for CMake config files
[308.773s] Level 1:colcon.colcon_core.shell:create_environment_hook('px4_ros_com', 'cmake_prefix_path')
[308.773s] INFO:colcon.colcon_core.shell:Creating environment descriptor '/home/xabier/Drone-project/ws_sensor_combined/install/px4_ros_com/share/px4_ros_com/hook/cmake_prefix_path.dsv'
[308.774s] INFO:colcon.colcon_core.shell:Creating environment hook '/home/xabier/Drone-project/ws_sensor_combined/install/px4_ros_com/share/px4_ros_com/hook/cmake_prefix_path.sh'
[308.775s] Level 1:colcon.colcon_core.environment:checking '/home/xabier/Drone-project/ws_sensor_combined/install/px4_ros_com/lib'
[308.775s] Level 1:colcon.colcon_core.shell:create_environment_hook('px4_ros_com', 'ld_library_path_lib')
[308.775s] INFO:colcon.colcon_core.shell:Creating environment descriptor '/home/xabier/Drone-project/ws_sensor_combined/install/px4_ros_com/share/px4_ros_com/hook/ld_library_path_lib.dsv'
[308.776s] INFO:colcon.colcon_core.shell:Creating environment hook '/home/xabier/Drone-project/ws_sensor_combined/install/px4_ros_com/share/px4_ros_com/hook/ld_library_path_lib.sh'
[308.776s] Level 1:colcon.colcon_core.environment:checking '/home/xabier/Drone-project/ws_sensor_combined/install/px4_ros_com/bin'
[308.776s] Level 1:colcon.colcon_core.environment:checking '/home/xabier/Drone-project/ws_sensor_combined/install/px4_ros_com/lib/pkgconfig/px4_ros_com.pc'
[308.777s] Level 1:colcon.colcon_core.environment:checking '/home/xabier/Drone-project/ws_sensor_combined/install/px4_ros_com/lib/python3.12/site-packages'
[308.777s] Level 1:colcon.colcon_core.shell:create_environment_hook('px4_ros_com', 'pythonpath')
[308.778s] INFO:colcon.colcon_core.shell:Creating environment descriptor '/home/xabier/Drone-project/ws_sensor_combined/install/px4_ros_com/share/px4_ros_com/hook/pythonpath.dsv'
[308.778s] INFO:colcon.colcon_core.shell:Creating environment hook '/home/xabier/Drone-project/ws_sensor_combined/install/px4_ros_com/share/px4_ros_com/hook/pythonpath.sh'
[308.779s] Level 1:colcon.colcon_core.environment:checking '/home/xabier/Drone-project/ws_sensor_combined/install/px4_ros_com/bin'
[308.779s] INFO:colcon.colcon_core.shell:Creating package descriptor '/home/xabier/Drone-project/ws_sensor_combined/install/px4_ros_com/share/px4_ros_com/package.dsv'
[308.780s] INFO:colcon.colcon_core.shell:Creating package script '/home/xabier/Drone-project/ws_sensor_combined/install/px4_ros_com/share/px4_ros_com/package.sh'
[308.781s] INFO:colcon.colcon_core.shell:Creating package script '/home/xabier/Drone-project/ws_sensor_combined/install/px4_ros_com/share/px4_ros_com/package.bash'
[308.782s] INFO:colcon.colcon_core.shell:Creating package script '/home/xabier/Drone-project/ws_sensor_combined/install/px4_ros_com/share/px4_ros_com/package.zsh'
[308.782s] Level 1:colcon.colcon_core.environment:create_file_with_runtime_dependencies(/home/xabier/Drone-project/ws_sensor_combined/install/px4_ros_com/share/colcon-core/packages/px4_ros_com)
[308.784s] Level 1:colcon.colcon_core.environment:create_environment_scripts_only(px4_ros_com)
[308.784s] Level 1:colcon.colcon_core.environment:checking '/home/xabier/Drone-project/ws_sensor_combined/install/px4_ros_com' for CMake module files
[308.785s] Level 1:colcon.colcon_core.environment:checking '/home/xabier/Drone-project/ws_sensor_combined/install/px4_ros_com' for CMake config files
[308.786s] Level 1:colcon.colcon_core.shell:create_environment_hook('px4_ros_com', 'cmake_prefix_path')
[308.786s] INFO:colcon.colcon_core.shell:Creating environment descriptor '/home/xabier/Drone-project/ws_sensor_combined/install/px4_ros_com/share/px4_ros_com/hook/cmake_prefix_path.dsv'
[308.787s] INFO:colcon.colcon_core.shell:Creating environment hook '/home/xabier/Drone-project/ws_sensor_combined/install/px4_ros_com/share/px4_ros_com/hook/cmake_prefix_path.sh'
[308.788s] Level 1:colcon.colcon_core.environment:checking '/home/xabier/Drone-project/ws_sensor_combined/install/px4_ros_com/lib'
[308.788s] Level 1:colcon.colcon_core.shell:create_environment_hook('px4_ros_com', 'ld_library_path_lib')
[308.788s] INFO:colcon.colcon_core.shell:Creating environment descriptor '/home/xabier/Drone-project/ws_sensor_combined/install/px4_ros_com/share/px4_ros_com/hook/ld_library_path_lib.dsv'
[308.789s] INFO:colcon.colcon_core.shell:Creating environment hook '/home/xabier/Drone-project/ws_sensor_combined/install/px4_ros_com/share/px4_ros_com/hook/ld_library_path_lib.sh'
[308.790s] Level 1:colcon.colcon_core.environment:checking '/home/xabier/Drone-project/ws_sensor_combined/install/px4_ros_com/bin'
[308.790s] Level 1:colcon.colcon_core.environment:checking '/home/xabier/Drone-project/ws_sensor_combined/install/px4_ros_com/lib/pkgconfig/px4_ros_com.pc'
[308.791s] Level 1:colcon.colcon_core.environment:checking '/home/xabier/Drone-project/ws_sensor_combined/install/px4_ros_com/lib/python3.12/site-packages'
[308.791s] Level 1:colcon.colcon_core.shell:create_environment_hook('px4_ros_com', 'pythonpath')
[308.791s] INFO:colcon.colcon_core.shell:Creating environment descriptor '/home/xabier/Drone-project/ws_sensor_combined/install/px4_ros_com/share/px4_ros_com/hook/pythonpath.dsv'
[308.792s] INFO:colcon.colcon_core.shell:Creating environment hook '/home/xabier/Drone-project/ws_sensor_combined/install/px4_ros_com/share/px4_ros_com/hook/pythonpath.sh'
[308.793s] Level 1:colcon.colcon_core.environment:checking '/home/xabier/Drone-project/ws_sensor_combined/install/px4_ros_com/bin'
[308.794s] INFO:colcon.colcon_core.shell:Creating package descriptor '/home/xabier/Drone-project/ws_sensor_combined/install/px4_ros_com/share/px4_ros_com/package.dsv'
[308.795s] INFO:colcon.colcon_core.shell:Creating package script '/home/xabier/Drone-project/ws_sensor_combined/install/px4_ros_com/share/px4_ros_com/package.sh'
[308.796s] INFO:colcon.colcon_core.shell:Creating package script '/home/xabier/Drone-project/ws_sensor_combined/install/px4_ros_com/share/px4_ros_com/package.bash'
[308.797s] INFO:colcon.colcon_core.shell:Creating package script '/home/xabier/Drone-project/ws_sensor_combined/install/px4_ros_com/share/px4_ros_com/package.zsh'
[308.798s] Level 1:colcon.colcon_core.environment:create_file_with_runtime_dependencies(/home/xabier/Drone-project/ws_sensor_combined/install/px4_ros_com/share/colcon-core/packages/px4_ros_com)
[308.799s] DEBUG:colcon.colcon_parallel_executor.executor.parallel:closing loop
[308.800s] DEBUG:colcon.colcon_parallel_executor.executor.parallel:loop closed
[308.800s] DEBUG:colcon.colcon_parallel_executor.executor.parallel:run_until_complete finished with '0'
[308.800s] DEBUG:colcon.colcon_core.event_reactor:joining thread
[308.812s] INFO:colcon.colcon_core.plugin_system:Skipping extension 'colcon_notification.desktop_notification.terminal_notifier': Not used on non-Darwin systems
[308.812s] INFO:colcon.colcon_core.plugin_system:Skipping extension 'colcon_notification.desktop_notification.win32': Not used on non-Windows systems
[308.812s] INFO:colcon.colcon_notification.desktop_notification:Sending desktop notification using 'notify2'
[308.863s] DEBUG:colcon.colcon_core.event_reactor:joined thread
[308.864s] INFO:colcon.colcon_core.shell:Creating prefix script '/home/xabier/Drone-project/ws_sensor_combined/install/local_setup.sh'
[308.865s] INFO:colcon.colcon_core.shell:Creating prefix util module '/home/xabier/Drone-project/ws_sensor_combined/install/_local_setup_util_sh.py'
[308.867s] INFO:colcon.colcon_core.shell:Creating prefix chain script '/home/xabier/Drone-project/ws_sensor_combined/install/setup.sh'
[308.869s] INFO:colcon.colcon_core.shell:Creating prefix script '/home/xabier/Drone-project/ws_sensor_combined/install/local_setup.bash'
[308.870s] INFO:colcon.colcon_core.shell:Creating prefix chain script '/home/xabier/Drone-project/ws_sensor_combined/install/setup.bash'
[308.872s] INFO:colcon.colcon_core.shell:Creating prefix script '/home/xabier/Drone-project/ws_sensor_combined/install/local_setup.zsh'
[308.873s] INFO:colcon.colcon_core.shell:Creating prefix chain script '/home/xabier/Drone-project/ws_sensor_combined/install/setup.zsh'
