[0.014s] Invoking command in '/home/xabier/Drone-project/ws_sensor_combined/src/build/px4_ros_com': AMENT_PREFIX_PATH=/home/xabier/Drone-project/ws_sensor_combined/src/install/px4_msgs:${AMENT_PREFIX_PATH} CMAKE_PREFIX_PATH=/home/xabier/Drone-project/ws_sensor_combined/src/install/px4_msgs:/opt/ros/jazzy/opt/gz_sim_vendor:/opt/ros/jazzy/opt/gz_sensors_vendor:/opt/ros/jazzy/opt/gz_physics_vendor:/opt/ros/jazzy/opt/sdformat_vendor:/opt/ros/jazzy/opt/gz_gui_vendor:/opt/ros/jazzy/opt/gz_transport_vendor:/opt/ros/jazzy/opt/gz_rendering_vendor:/opt/ros/jazzy/opt/gz_plugin_vendor:/opt/ros/jazzy/opt/gz_fuel_tools_vendor:/opt/ros/jazzy/opt/gz_msgs_vendor:/opt/ros/jazzy/opt/gz_common_vendor:/opt/ros/jazzy/opt/gz_math_vendor:/opt/ros/jazzy/opt/gz_utils_vendor:/opt/ros/jazzy/opt/gz_tools_vendor:/opt/ros/jazzy/opt/gz_ogre_next_vendor:/opt/ros/jazzy/opt/gz_dartsim_vendor:/opt/ros/jazzy/opt/gz_cmake_vendor:/opt/ros/jazzy DEBUGINFOD_URLS=https://debuginfod.ubuntu.com LD_LIBRARY_PATH=/home/xabier/Drone-project/ws_sensor_combined/src/install/px4_msgs/lib:${LD_LIBRARY_PATH} PYTHONPATH=/home/xabier/Drone-project/ws_sensor_combined/src/install/px4_msgs/lib/python3.12/site-packages:${PYTHONPATH} /usr/bin/cmake /home/xabier/Drone-project/ws_sensor_combined/src/px4_ros_com -DCMAKE_INSTALL_PREFIX=/home/xabier/Drone-project/ws_sensor_combined/src/install/px4_ros_com
[0.089s] -- The C compiler identification is GNU 13.3.0
[0.153s] -- The CXX compiler identification is GNU 13.3.0
[0.187s] -- Detecting C compiler ABI info
[0.350s] -- Detecting C compiler ABI info - done
[0.375s] -- Check for working C compiler: /usr/bin/cc - skipped
[0.375s] -- Detecting C compile features
[0.376s] -- Detecting C compile features - done
[0.396s] -- Detecting CXX compiler ABI info
[0.536s] -- Detecting CXX compiler ABI info - done
[0.562s] -- Check for working CXX compiler: /usr/bin/c++ - skipped
[0.563s] -- Detecting CXX compile features
[0.564s] -- Detecting CXX compile features - done
[0.577s] -- Found ament_cmake: 2.5.3 (/opt/ros/jazzy/share/ament_cmake/cmake)
[0.799s] -- Found Python3: /usr/bin/python3 (found version "3.12.3") found components: Interpreter 
[0.975s] -- Found builtin_interfaces: 2.0.2 (/opt/ros/jazzy/share/builtin_interfaces/cmake)
[1.028s] -- Found rosidl_generator_c: 4.6.5 (/opt/ros/jazzy/share/rosidl_generator_c/cmake)
[1.048s] -- Found rosidl_generator_cpp: 4.6.5 (/opt/ros/jazzy/share/rosidl_generator_cpp/cmake)
[1.069s] -- Using all available rosidl_typesupport_c: rosidl_typesupport_fastrtps_c;rosidl_typesupport_introspection_c
[1.093s] -- Using all available rosidl_typesupport_cpp: rosidl_typesupport_fastrtps_cpp;rosidl_typesupport_introspection_cpp
[1.115s] -- Found eigen3_cmake_module: 0.3.0 (/opt/ros/jazzy/share/eigen3_cmake_module/cmake)
[1.125s] -- Found Eigen3: TRUE (found version "3.4.0") 
[1.129s] -- Found geometry_msgs: 5.3.5 (/opt/ros/jazzy/share/geometry_msgs/cmake)
[1.166s] -- Found px4_msgs: 2.0.1 (/home/xabier/Drone-project/ws_sensor_combined/src/install/px4_msgs/share/px4_msgs/cmake)
[1.205s] -- Found rclcpp: 28.1.6 (/opt/ros/jazzy/share/rclcpp/cmake)
[1.267s] -- Found rmw_implementation_cmake: 7.3.1 (/opt/ros/jazzy/share/rmw_implementation_cmake/cmake)
[1.272s] -- Found rmw_fastrtps_cpp: 8.4.1 (/opt/ros/jazzy/share/rmw_fastrtps_cpp/cmake)
[1.438s] -- Found OpenSSL: /usr/lib/x86_64-linux-gnu/libcrypto.so (found version "3.0.13")  
[1.471s] -- Found FastRTPS: /opt/ros/jazzy/include (Required is at least version "2.13") 
[1.502s] -- Using RMW implementation 'rmw_fastrtps_cpp' as default
[1.589s] -- Found sensor_msgs: 5.3.5 (/opt/ros/jazzy/share/sensor_msgs/cmake)
[1.617s] -- Found rclpy: 7.1.3 (/opt/ros/jazzy/share/rclpy/cmake)
[1.627s] -- Found ament_lint_auto: 0.17.1 (/opt/ros/jazzy/share/ament_lint_auto/cmake)
[1.800s] -- Added test 'copyright' to check source files copyright and LICENSE
[1.806s] -- Added test 'cppcheck' to perform static code analysis on C / C++ code
[1.807s] -- Configured cppcheck include dirs: /home/xabier/Drone-project/ws_sensor_combined/src/px4_ros_com/include;$<BUILD_INTERFACE:/home/xabier/Drone-project/ws_sensor_combined/src/px4_ros_com/include/px4_ros_com>
[1.807s] -- Configured cppcheck exclude dirs and/or files: 
[1.813s] -- Added test 'cpplint' to check C / C++ code against the Google style
[1.813s] -- Configured cpplint exclude dirs and/or files: 
[1.814s] -- Added test 'flake8' to check Python code syntax and style conventions
[1.814s] -- Configured 'flake8' exclude dirs and/or files: 
[1.816s] -- Added test 'lint_cmake' to check CMake code style
[1.818s] -- Added test 'pep257' to check Python code against some of the docstring style conventions in PEP 257
[1.823s] -- Added test 'uncrustify' to check C / C++ code style
[1.824s] -- Configured uncrustify additional arguments: 
[1.825s] -- Added test 'xmllint' to check XML markup files
[1.828s] -- Configuring done (1.8s)
[1.858s] -- Generating done (0.0s)
[1.868s] -- Build files have been written to: /home/xabier/Drone-project/ws_sensor_combined/src/build/px4_ros_com
[1.880s] Invoked command in '/home/xabier/Drone-project/ws_sensor_combined/src/build/px4_ros_com' returned '0': AMENT_PREFIX_PATH=/home/xabier/Drone-project/ws_sensor_combined/src/install/px4_msgs:${AMENT_PREFIX_PATH} CMAKE_PREFIX_PATH=/home/xabier/Drone-project/ws_sensor_combined/src/install/px4_msgs:/opt/ros/jazzy/opt/gz_sim_vendor:/opt/ros/jazzy/opt/gz_sensors_vendor:/opt/ros/jazzy/opt/gz_physics_vendor:/opt/ros/jazzy/opt/sdformat_vendor:/opt/ros/jazzy/opt/gz_gui_vendor:/opt/ros/jazzy/opt/gz_transport_vendor:/opt/ros/jazzy/opt/gz_rendering_vendor:/opt/ros/jazzy/opt/gz_plugin_vendor:/opt/ros/jazzy/opt/gz_fuel_tools_vendor:/opt/ros/jazzy/opt/gz_msgs_vendor:/opt/ros/jazzy/opt/gz_common_vendor:/opt/ros/jazzy/opt/gz_math_vendor:/opt/ros/jazzy/opt/gz_utils_vendor:/opt/ros/jazzy/opt/gz_tools_vendor:/opt/ros/jazzy/opt/gz_ogre_next_vendor:/opt/ros/jazzy/opt/gz_dartsim_vendor:/opt/ros/jazzy/opt/gz_cmake_vendor:/opt/ros/jazzy DEBUGINFOD_URLS=https://debuginfod.ubuntu.com LD_LIBRARY_PATH=/home/xabier/Drone-project/ws_sensor_combined/src/install/px4_msgs/lib:${LD_LIBRARY_PATH} PYTHONPATH=/home/xabier/Drone-project/ws_sensor_combined/src/install/px4_msgs/lib/python3.12/site-packages:${PYTHONPATH} /usr/bin/cmake /home/xabier/Drone-project/ws_sensor_combined/src/px4_ros_com -DCMAKE_INSTALL_PREFIX=/home/xabier/Drone-project/ws_sensor_combined/src/install/px4_ros_com
[1.882s] Invoking command in '/home/xabier/Drone-project/ws_sensor_combined/src/build/px4_ros_com': AMENT_PREFIX_PATH=/home/xabier/Drone-project/ws_sensor_combined/src/install/px4_msgs:${AMENT_PREFIX_PATH} CMAKE_PREFIX_PATH=/home/xabier/Drone-project/ws_sensor_combined/src/install/px4_msgs:/opt/ros/jazzy/opt/gz_sim_vendor:/opt/ros/jazzy/opt/gz_sensors_vendor:/opt/ros/jazzy/opt/gz_physics_vendor:/opt/ros/jazzy/opt/sdformat_vendor:/opt/ros/jazzy/opt/gz_gui_vendor:/opt/ros/jazzy/opt/gz_transport_vendor:/opt/ros/jazzy/opt/gz_rendering_vendor:/opt/ros/jazzy/opt/gz_plugin_vendor:/opt/ros/jazzy/opt/gz_fuel_tools_vendor:/opt/ros/jazzy/opt/gz_msgs_vendor:/opt/ros/jazzy/opt/gz_common_vendor:/opt/ros/jazzy/opt/gz_math_vendor:/opt/ros/jazzy/opt/gz_utils_vendor:/opt/ros/jazzy/opt/gz_tools_vendor:/opt/ros/jazzy/opt/gz_ogre_next_vendor:/opt/ros/jazzy/opt/gz_dartsim_vendor:/opt/ros/jazzy/opt/gz_cmake_vendor:/opt/ros/jazzy DEBUGINFOD_URLS=https://debuginfod.ubuntu.com LD_LIBRARY_PATH=/home/xabier/Drone-project/ws_sensor_combined/src/install/px4_msgs/lib:${LD_LIBRARY_PATH} PYTHONPATH=/home/xabier/Drone-project/ws_sensor_combined/src/install/px4_msgs/lib/python3.12/site-packages:${PYTHONPATH} /usr/bin/cmake --build /home/xabier/Drone-project/ws_sensor_combined/src/build/px4_ros_com -- -j12 -l12
[1.963s] [  8%] [32mBuilding CXX object CMakeFiles/sensor_combined_listener.dir/src/examples/listeners/sensor_combined_listener.cpp.o[0m
[1.963s] [ 25%] [32mBuilding CXX object CMakeFiles/vehicle_gps_position_listener.dir/src/examples/listeners/vehicle_gps_position_listener.cpp.o[0m
[1.963s] [ 25%] [32mBuilding CXX object CMakeFiles/debug_vect_advertiser.dir/src/examples/advertisers/debug_vect_advertiser.cpp.o[0m
[1.964s] [ 33%] [32mBuilding CXX object CMakeFiles/frame_transforms.dir/src/lib/frame_transforms.cpp.o[0m
[1.964s] [ 41%] [32mBuilding CXX object CMakeFiles/offboard_control_srv.dir/src/examples/offboard/offboard_control_srv.cpp.o[0m
[1.968s] [ 50%] [32mBuilding CXX object CMakeFiles/offboard_control.dir/src/examples/offboard/offboard_control.cpp.o[0m
[1.980s] [ 50%] Built target ament_cmake_python_copy_px4_ros_com
[2.201s] running egg_info
[2.201s] creating px4_ros_com.egg-info
[2.221s] writing px4_ros_com.egg-info/PKG-INFO
[2.221s] writing dependency_links to px4_ros_com.egg-info/dependency_links.txt
[2.221s] writing top-level names to px4_ros_com.egg-info/top_level.txt
[2.222s] writing manifest file 'px4_ros_com.egg-info/SOURCES.txt'
[2.281s] reading manifest file 'px4_ros_com.egg-info/SOURCES.txt'
[2.282s] writing manifest file 'px4_ros_com.egg-info/SOURCES.txt'
[2.340s] [ 50%] Built target ament_cmake_python_build_px4_ros_com_egg
[6.687s] [ 58%] [32m[1mLinking CXX executable debug_vect_advertiser[0m
[7.012s] [ 58%] Built target debug_vect_advertiser
[8.573s] [ 66%] [32m[1mLinking CXX executable offboard_control_srv[0m
[8.586s] [ 75%] [32m[1mLinking CXX executable offboard_control[0m
[8.998s] [ 75%] Built target offboard_control_srv
[9.031s] [ 75%] Built target offboard_control
[9.430s] [ 83%] [32m[1mLinking CXX shared library libframe_transforms.so[0m
[9.694s] [ 83%] Built target frame_transforms
[9.808s] [ 91%] [32m[1mLinking CXX executable sensor_combined_listener[0m
[9.991s] [100%] [32m[1mLinking CXX executable vehicle_gps_position_listener[0m
[10.194s] [100%] Built target sensor_combined_listener
[10.366s] [100%] Built target vehicle_gps_position_listener
[10.392s] Invoked command in '/home/xabier/Drone-project/ws_sensor_combined/src/build/px4_ros_com' returned '0': AMENT_PREFIX_PATH=/home/xabier/Drone-project/ws_sensor_combined/src/install/px4_msgs:${AMENT_PREFIX_PATH} CMAKE_PREFIX_PATH=/home/xabier/Drone-project/ws_sensor_combined/src/install/px4_msgs:/opt/ros/jazzy/opt/gz_sim_vendor:/opt/ros/jazzy/opt/gz_sensors_vendor:/opt/ros/jazzy/opt/gz_physics_vendor:/opt/ros/jazzy/opt/sdformat_vendor:/opt/ros/jazzy/opt/gz_gui_vendor:/opt/ros/jazzy/opt/gz_transport_vendor:/opt/ros/jazzy/opt/gz_rendering_vendor:/opt/ros/jazzy/opt/gz_plugin_vendor:/opt/ros/jazzy/opt/gz_fuel_tools_vendor:/opt/ros/jazzy/opt/gz_msgs_vendor:/opt/ros/jazzy/opt/gz_common_vendor:/opt/ros/jazzy/opt/gz_math_vendor:/opt/ros/jazzy/opt/gz_utils_vendor:/opt/ros/jazzy/opt/gz_tools_vendor:/opt/ros/jazzy/opt/gz_ogre_next_vendor:/opt/ros/jazzy/opt/gz_dartsim_vendor:/opt/ros/jazzy/opt/gz_cmake_vendor:/opt/ros/jazzy DEBUGINFOD_URLS=https://debuginfod.ubuntu.com LD_LIBRARY_PATH=/home/xabier/Drone-project/ws_sensor_combined/src/install/px4_msgs/lib:${LD_LIBRARY_PATH} PYTHONPATH=/home/xabier/Drone-project/ws_sensor_combined/src/install/px4_msgs/lib/python3.12/site-packages:${PYTHONPATH} /usr/bin/cmake --build /home/xabier/Drone-project/ws_sensor_combined/src/build/px4_ros_com -- -j12 -l12
[10.394s] Invoking command in '/home/xabier/Drone-project/ws_sensor_combined/src/build/px4_ros_com': AMENT_PREFIX_PATH=/home/xabier/Drone-project/ws_sensor_combined/src/install/px4_msgs:${AMENT_PREFIX_PATH} CMAKE_PREFIX_PATH=/home/xabier/Drone-project/ws_sensor_combined/src/install/px4_msgs:/opt/ros/jazzy/opt/gz_sim_vendor:/opt/ros/jazzy/opt/gz_sensors_vendor:/opt/ros/jazzy/opt/gz_physics_vendor:/opt/ros/jazzy/opt/sdformat_vendor:/opt/ros/jazzy/opt/gz_gui_vendor:/opt/ros/jazzy/opt/gz_transport_vendor:/opt/ros/jazzy/opt/gz_rendering_vendor:/opt/ros/jazzy/opt/gz_plugin_vendor:/opt/ros/jazzy/opt/gz_fuel_tools_vendor:/opt/ros/jazzy/opt/gz_msgs_vendor:/opt/ros/jazzy/opt/gz_common_vendor:/opt/ros/jazzy/opt/gz_math_vendor:/opt/ros/jazzy/opt/gz_utils_vendor:/opt/ros/jazzy/opt/gz_tools_vendor:/opt/ros/jazzy/opt/gz_ogre_next_vendor:/opt/ros/jazzy/opt/gz_dartsim_vendor:/opt/ros/jazzy/opt/gz_cmake_vendor:/opt/ros/jazzy DEBUGINFOD_URLS=https://debuginfod.ubuntu.com LD_LIBRARY_PATH=/home/xabier/Drone-project/ws_sensor_combined/src/install/px4_msgs/lib:${LD_LIBRARY_PATH} PYTHONPATH=/home/xabier/Drone-project/ws_sensor_combined/src/install/px4_msgs/lib/python3.12/site-packages:${PYTHONPATH} /usr/bin/cmake --install /home/xabier/Drone-project/ws_sensor_combined/src/build/px4_ros_com
[10.416s] -- Install configuration: ""
[10.416s] -- Installing: /home/xabier/Drone-project/ws_sensor_combined/src/install/px4_ros_com/lib/px4_ros_com/sensor_combined_listener
[10.421s] -- Set non-toolchain portion of runtime path of "/home/xabier/Drone-project/ws_sensor_combined/src/install/px4_ros_com/lib/px4_ros_com/sensor_combined_listener" to ""
[10.421s] -- Installing: /home/xabier/Drone-project/ws_sensor_combined/src/install/px4_ros_com/lib/px4_ros_com/vehicle_gps_position_listener
[10.426s] -- Set non-toolchain portion of runtime path of "/home/xabier/Drone-project/ws_sensor_combined/src/install/px4_ros_com/lib/px4_ros_com/vehicle_gps_position_listener" to ""
[10.426s] -- Installing: /home/xabier/Drone-project/ws_sensor_combined/src/install/px4_ros_com/lib/px4_ros_com/debug_vect_advertiser
[10.428s] -- Set non-toolchain portion of runtime path of "/home/xabier/Drone-project/ws_sensor_combined/src/install/px4_ros_com/lib/px4_ros_com/debug_vect_advertiser" to ""
[10.428s] -- Installing: /home/xabier/Drone-project/ws_sensor_combined/src/install/px4_ros_com/lib/px4_ros_com/offboard_control
[10.430s] -- Set non-toolchain portion of runtime path of "/home/xabier/Drone-project/ws_sensor_combined/src/install/px4_ros_com/lib/px4_ros_com/offboard_control" to ""
[10.431s] -- Installing: /home/xabier/Drone-project/ws_sensor_combined/src/install/px4_ros_com/lib/px4_ros_com/offboard_control_srv
[10.433s] -- Set non-toolchain portion of runtime path of "/home/xabier/Drone-project/ws_sensor_combined/src/install/px4_ros_com/lib/px4_ros_com/offboard_control_srv" to ""
[10.434s] -- Installing: /home/xabier/Drone-project/ws_sensor_combined/src/install/px4_ros_com/share/px4_ros_com/environment/library_path.sh
[10.434s] -- Installing: /home/xabier/Drone-project/ws_sensor_combined/src/install/px4_ros_com/share/px4_ros_com/environment/library_path.dsv
[10.434s] -- Installing: /home/xabier/Drone-project/ws_sensor_combined/src/install/px4_ros_com/include/px4_ros_com
[10.434s] -- Installing: /home/xabier/Drone-project/ws_sensor_combined/src/install/px4_ros_com/include/px4_ros_com/frame_transforms.h
[10.435s] -- Installing: /home/xabier/Drone-project/ws_sensor_combined/src/install/px4_ros_com/lib/libframe_transforms.so
[10.438s] -- Set non-toolchain portion of runtime path of "/home/xabier/Drone-project/ws_sensor_combined/src/install/px4_ros_com/lib/libframe_transforms.so" to ""
[10.438s] -- Installing: /home/xabier/Drone-project/ws_sensor_combined/src/install/px4_ros_com/share/px4_ros_com//launch
[10.439s] -- Installing: /home/xabier/Drone-project/ws_sensor_combined/src/install/px4_ros_com/share/px4_ros_com//launch/offboard_control_launch.yaml
[10.439s] -- Installing: /home/xabier/Drone-project/ws_sensor_combined/src/install/px4_ros_com/share/px4_ros_com//launch/sensor_combined_listener.launch.py
[10.439s] -- Installing: /home/xabier/Drone-project/ws_sensor_combined/src/install/px4_ros_com/share/px4_ros_com//test
[10.439s] -- Installing: /home/xabier/Drone-project/ws_sensor_combined/src/install/px4_ros_com/share/px4_ros_com//test/__init__.py
[10.440s] -- Installing: /home/xabier/Drone-project/ws_sensor_combined/src/install/px4_ros_com/share/px4_ros_com//test/test_output.py
[10.440s] -- Installing: /home/xabier/Drone-project/ws_sensor_combined/src/install/px4_ros_com/share/px4_ros_com//test/pipeline_io_test.py
[10.440s] -- Installing: /home/xabier/Drone-project/ws_sensor_combined/src/install/px4_ros_com/share/px4_ros_com//test/test_input.py
[10.440s] -- Installing: /home/xabier/Drone-project/ws_sensor_combined/src/install/px4_ros_com/share/px4_ros_com/environment/pythonpath.sh
[10.441s] -- Installing: /home/xabier/Drone-project/ws_sensor_combined/src/install/px4_ros_com/share/px4_ros_com/environment/pythonpath.dsv
[10.441s] -- Installing: /home/xabier/Drone-project/ws_sensor_combined/src/install/px4_ros_com/lib/python3.12/site-packages/px4_ros_com-0.1.0-py3.12.egg-info
[10.441s] -- Installing: /home/xabier/Drone-project/ws_sensor_combined/src/install/px4_ros_com/lib/python3.12/site-packages/px4_ros_com-0.1.0-py3.12.egg-info/PKG-INFO
[10.441s] -- Installing: /home/xabier/Drone-project/ws_sensor_combined/src/install/px4_ros_com/lib/python3.12/site-packages/px4_ros_com-0.1.0-py3.12.egg-info/dependency_links.txt
[10.441s] -- Installing: /home/xabier/Drone-project/ws_sensor_combined/src/install/px4_ros_com/lib/python3.12/site-packages/px4_ros_com-0.1.0-py3.12.egg-info/SOURCES.txt
[10.441s] -- Installing: /home/xabier/Drone-project/ws_sensor_combined/src/install/px4_ros_com/lib/python3.12/site-packages/px4_ros_com-0.1.0-py3.12.egg-info/top_level.txt
[10.442s] -- Installing: /home/xabier/Drone-project/ws_sensor_combined/src/install/px4_ros_com/lib/python3.12/site-packages/px4_ros_com
[10.442s] -- Installing: /home/xabier/Drone-project/ws_sensor_combined/src/install/px4_ros_com/lib/python3.12/site-packages/px4_ros_com/__init__.py
[10.442s] -- Installing: /home/xabier/Drone-project/ws_sensor_combined/src/install/px4_ros_com/lib/python3.12/site-packages/px4_ros_com/module_to_import.py
[10.485s] Listing '/home/xabier/Drone-project/ws_sensor_combined/src/install/px4_ros_com/lib/python3.12/site-packages/px4_ros_com'...
[10.485s] Compiling '/home/xabier/Drone-project/ws_sensor_combined/src/install/px4_ros_com/lib/python3.12/site-packages/px4_ros_com/__init__.py'...
[10.485s] Compiling '/home/xabier/Drone-project/ws_sensor_combined/src/install/px4_ros_com/lib/python3.12/site-packages/px4_ros_com/module_to_import.py'...
[10.491s] -- Installing: /home/xabier/Drone-project/ws_sensor_combined/src/install/px4_ros_com/lib/px4_ros_com/offboard_control.py
[10.491s] -- Installing: /home/xabier/Drone-project/ws_sensor_combined/src/install/px4_ros_com/share/ament_index/resource_index/package_run_dependencies/px4_ros_com
[10.492s] -- Installing: /home/xabier/Drone-project/ws_sensor_combined/src/install/px4_ros_com/share/ament_index/resource_index/parent_prefix_path/px4_ros_com
[10.492s] -- Installing: /home/xabier/Drone-project/ws_sensor_combined/src/install/px4_ros_com/share/px4_ros_com/environment/ament_prefix_path.sh
[10.492s] -- Installing: /home/xabier/Drone-project/ws_sensor_combined/src/install/px4_ros_com/share/px4_ros_com/environment/ament_prefix_path.dsv
[10.492s] -- Installing: /home/xabier/Drone-project/ws_sensor_combined/src/install/px4_ros_com/share/px4_ros_com/environment/path.sh
[10.493s] -- Installing: /home/xabier/Drone-project/ws_sensor_combined/src/install/px4_ros_com/share/px4_ros_com/environment/path.dsv
[10.493s] -- Installing: /home/xabier/Drone-project/ws_sensor_combined/src/install/px4_ros_com/share/px4_ros_com/local_setup.bash
[10.493s] -- Installing: /home/xabier/Drone-project/ws_sensor_combined/src/install/px4_ros_com/share/px4_ros_com/local_setup.sh
[10.493s] -- Installing: /home/xabier/Drone-project/ws_sensor_combined/src/install/px4_ros_com/share/px4_ros_com/local_setup.zsh
[10.494s] -- Installing: /home/xabier/Drone-project/ws_sensor_combined/src/install/px4_ros_com/share/px4_ros_com/local_setup.dsv
[10.494s] -- Installing: /home/xabier/Drone-project/ws_sensor_combined/src/install/px4_ros_com/share/px4_ros_com/package.dsv
[10.494s] -- Installing: /home/xabier/Drone-project/ws_sensor_combined/src/install/px4_ros_com/share/ament_index/resource_index/packages/px4_ros_com
[10.494s] -- Installing: /home/xabier/Drone-project/ws_sensor_combined/src/install/px4_ros_com/share/px4_ros_com/cmake/export_frame_transformsExport.cmake
[10.494s] -- Installing: /home/xabier/Drone-project/ws_sensor_combined/src/install/px4_ros_com/share/px4_ros_com/cmake/export_frame_transformsExport-noconfig.cmake
[10.495s] -- Installing: /home/xabier/Drone-project/ws_sensor_combined/src/install/px4_ros_com/share/px4_ros_com/cmake/ament_cmake_export_dependencies-extras.cmake
[10.495s] -- Installing: /home/xabier/Drone-project/ws_sensor_combined/src/install/px4_ros_com/share/px4_ros_com/cmake/ament_cmake_export_targets-extras.cmake
[10.495s] -- Installing: /home/xabier/Drone-project/ws_sensor_combined/src/install/px4_ros_com/share/px4_ros_com/cmake/ament_cmake_export_include_directories-extras.cmake
[10.495s] -- Installing: /home/xabier/Drone-project/ws_sensor_combined/src/install/px4_ros_com/share/px4_ros_com/cmake/ament_cmake_export_libraries-extras.cmake
[10.496s] -- Installing: /home/xabier/Drone-project/ws_sensor_combined/src/install/px4_ros_com/share/px4_ros_com/cmake/px4_ros_comConfig.cmake
[10.496s] -- Installing: /home/xabier/Drone-project/ws_sensor_combined/src/install/px4_ros_com/share/px4_ros_com/cmake/px4_ros_comConfig-version.cmake
[10.496s] -- Installing: /home/xabier/Drone-project/ws_sensor_combined/src/install/px4_ros_com/share/px4_ros_com/package.xml
[10.498s] Invoked command in '/home/xabier/Drone-project/ws_sensor_combined/src/build/px4_ros_com' returned '0': AMENT_PREFIX_PATH=/home/xabier/Drone-project/ws_sensor_combined/src/install/px4_msgs:${AMENT_PREFIX_PATH} CMAKE_PREFIX_PATH=/home/xabier/Drone-project/ws_sensor_combined/src/install/px4_msgs:/opt/ros/jazzy/opt/gz_sim_vendor:/opt/ros/jazzy/opt/gz_sensors_vendor:/opt/ros/jazzy/opt/gz_physics_vendor:/opt/ros/jazzy/opt/sdformat_vendor:/opt/ros/jazzy/opt/gz_gui_vendor:/opt/ros/jazzy/opt/gz_transport_vendor:/opt/ros/jazzy/opt/gz_rendering_vendor:/opt/ros/jazzy/opt/gz_plugin_vendor:/opt/ros/jazzy/opt/gz_fuel_tools_vendor:/opt/ros/jazzy/opt/gz_msgs_vendor:/opt/ros/jazzy/opt/gz_common_vendor:/opt/ros/jazzy/opt/gz_math_vendor:/opt/ros/jazzy/opt/gz_utils_vendor:/opt/ros/jazzy/opt/gz_tools_vendor:/opt/ros/jazzy/opt/gz_ogre_next_vendor:/opt/ros/jazzy/opt/gz_dartsim_vendor:/opt/ros/jazzy/opt/gz_cmake_vendor:/opt/ros/jazzy DEBUGINFOD_URLS=https://debuginfod.ubuntu.com LD_LIBRARY_PATH=/home/xabier/Drone-project/ws_sensor_combined/src/install/px4_msgs/lib:${LD_LIBRARY_PATH} PYTHONPATH=/home/xabier/Drone-project/ws_sensor_combined/src/install/px4_msgs/lib/python3.12/site-packages:${PYTHONPATH} /usr/bin/cmake --install /home/xabier/Drone-project/ws_sensor_combined/src/build/px4_ros_com
