[0.017s] Invoking command in '/home/xabier/Drone-project/ws_sensor_combined/build/px4_ros_com': AMENT_PREFIX_PATH=/home/xabier/Drone-project/ws_sensor_combined/install/px4_msgs:${AMENT_PREFIX_PATH} CMAKE_PREFIX_PATH=/home/xabier/Drone-project/ws_sensor_combined/install/px4_msgs:/opt/ros/jazzy/opt/gz_sim_vendor:/opt/ros/jazzy/opt/gz_sensors_vendor:/opt/ros/jazzy/opt/gz_physics_vendor:/opt/ros/jazzy/opt/sdformat_vendor:/opt/ros/jazzy/opt/gz_gui_vendor:/opt/ros/jazzy/opt/gz_transport_vendor:/opt/ros/jazzy/opt/gz_rendering_vendor:/opt/ros/jazzy/opt/gz_plugin_vendor:/opt/ros/jazzy/opt/gz_fuel_tools_vendor:/opt/ros/jazzy/opt/gz_msgs_vendor:/opt/ros/jazzy/opt/gz_common_vendor:/opt/ros/jazzy/opt/gz_math_vendor:/opt/ros/jazzy/opt/gz_utils_vendor:/opt/ros/jazzy/opt/gz_tools_vendor:/opt/ros/jazzy/opt/gz_ogre_next_vendor:/opt/ros/jazzy/opt/gz_dartsim_vendor:/opt/ros/jazzy/opt/gz_cmake_vendor:/opt/ros/jazzy DEBUGINFOD_URLS=https://debuginfod.ubuntu.com LD_LIBRARY_PATH=/home/xabier/Drone-project/ws_sensor_combined/install/px4_msgs/lib:${LD_LIBRARY_PATH} PYTHONPATH=/home/xabier/Drone-project/ws_sensor_combined/install/px4_msgs/lib/python3.12/site-packages:${PYTHONPATH} /usr/bin/cmake /home/xabier/Drone-project/ws_sensor_combined/src/px4_ros_com -DCMAKE_INSTALL_PREFIX=/home/xabier/Drone-project/ws_sensor_combined/install/px4_ros_com
[0.103s] -- The C compiler identification is GNU 13.3.0
[0.217s] -- The CXX compiler identification is GNU 13.3.0
[0.265s] -- Detecting C compiler ABI info
[0.432s] -- Detecting C compiler ABI info - done
[0.442s] -- Check for working C compiler: /usr/bin/cc - skipped
[0.442s] -- Detecting C compile features
[0.443s] -- Detecting C compile features - done
[0.456s] -- Detecting CXX compiler ABI info
[0.600s] -- Detecting CXX compiler ABI info - done
[0.609s] -- Check for working CXX compiler: /usr/bin/c++ - skipped
[0.610s] -- Detecting CXX compile features
[0.610s] -- Detecting CXX compile features - done
[0.616s] -- Found ament_cmake: 2.5.3 (/opt/ros/jazzy/share/ament_cmake/cmake)
[0.815s] -- Found Python3: /usr/bin/python3 (found version "3.12.3") found components: Interpreter 
[0.987s] -- Found builtin_interfaces: 2.0.2 (/opt/ros/jazzy/share/builtin_interfaces/cmake)
[1.045s] -- Found rosidl_generator_c: 4.6.5 (/opt/ros/jazzy/share/rosidl_generator_c/cmake)
[1.066s] -- Found rosidl_generator_cpp: 4.6.5 (/opt/ros/jazzy/share/rosidl_generator_cpp/cmake)
[1.090s] -- Using all available rosidl_typesupport_c: rosidl_typesupport_fastrtps_c;rosidl_typesupport_introspection_c
[1.116s] -- Using all available rosidl_typesupport_cpp: rosidl_typesupport_fastrtps_cpp;rosidl_typesupport_introspection_cpp
[1.149s] -- Found eigen3_cmake_module: 0.3.0 (/opt/ros/jazzy/share/eigen3_cmake_module/cmake)
[1.161s] -- Found Eigen3: TRUE (found version "3.4.0") 
[1.166s] -- Found geometry_msgs: 5.3.5 (/opt/ros/jazzy/share/geometry_msgs/cmake)
[1.212s] -- Found px4_msgs: 2.0.1 (/home/xabier/Drone-project/ws_sensor_combined/install/px4_msgs/share/px4_msgs/cmake)
[1.254s] -- Found rclcpp: 28.1.6 (/opt/ros/jazzy/share/rclcpp/cmake)
[1.350s] -- Found rmw_implementation_cmake: 7.3.1 (/opt/ros/jazzy/share/rmw_implementation_cmake/cmake)
[1.357s] -- Found rmw_fastrtps_cpp: 8.4.1 (/opt/ros/jazzy/share/rmw_fastrtps_cpp/cmake)
[1.525s] -- Found OpenSSL: /usr/lib/x86_64-linux-gnu/libcrypto.so (found version "3.0.13")  
[1.561s] -- Found FastRTPS: /opt/ros/jazzy/include (Required is at least version "2.13") 
[1.594s] -- Using RMW implementation 'rmw_fastrtps_cpp' as default
[1.703s] -- Found sensor_msgs: 5.3.5 (/opt/ros/jazzy/share/sensor_msgs/cmake)
[1.738s] -- Found rclpy: 7.1.3 (/opt/ros/jazzy/share/rclpy/cmake)
[1.753s] -- Found ament_lint_auto: 0.17.1 (/opt/ros/jazzy/share/ament_lint_auto/cmake)
[1.975s] -- Added test 'copyright' to check source files copyright and LICENSE
[1.984s] -- Added test 'cppcheck' to perform static code analysis on C / C++ code
[1.984s] -- Configured cppcheck include dirs: /home/xabier/Drone-project/ws_sensor_combined/src/px4_ros_com/include;$<BUILD_INTERFACE:/home/xabier/Drone-project/ws_sensor_combined/src/px4_ros_com/include/px4_ros_com>
[1.984s] -- Configured cppcheck exclude dirs and/or files: 
[1.991s] -- Added test 'cpplint' to check C / C++ code against the Google style
[1.991s] -- Configured cpplint exclude dirs and/or files: 
[1.994s] -- Added test 'flake8' to check Python code syntax and style conventions
[1.994s] -- Configured 'flake8' exclude dirs and/or files: 
[1.996s] -- Added test 'lint_cmake' to check CMake code style
[1.998s] -- Added test 'pep257' to check Python code against some of the docstring style conventions in PEP 257
[2.005s] -- Added test 'uncrustify' to check C / C++ code style
[2.005s] -- Configured uncrustify additional arguments: 
[2.006s] -- Added test 'xmllint' to check XML markup files
[2.010s] -- Configuring done (2.0s)
[2.044s] -- Generating done (0.0s)
[2.055s] -- Build files have been written to: /home/xabier/Drone-project/ws_sensor_combined/build/px4_ros_com
[2.071s] Invoked command in '/home/xabier/Drone-project/ws_sensor_combined/build/px4_ros_com' returned '0': AMENT_PREFIX_PATH=/home/xabier/Drone-project/ws_sensor_combined/install/px4_msgs:${AMENT_PREFIX_PATH} CMAKE_PREFIX_PATH=/home/xabier/Drone-project/ws_sensor_combined/install/px4_msgs:/opt/ros/jazzy/opt/gz_sim_vendor:/opt/ros/jazzy/opt/gz_sensors_vendor:/opt/ros/jazzy/opt/gz_physics_vendor:/opt/ros/jazzy/opt/sdformat_vendor:/opt/ros/jazzy/opt/gz_gui_vendor:/opt/ros/jazzy/opt/gz_transport_vendor:/opt/ros/jazzy/opt/gz_rendering_vendor:/opt/ros/jazzy/opt/gz_plugin_vendor:/opt/ros/jazzy/opt/gz_fuel_tools_vendor:/opt/ros/jazzy/opt/gz_msgs_vendor:/opt/ros/jazzy/opt/gz_common_vendor:/opt/ros/jazzy/opt/gz_math_vendor:/opt/ros/jazzy/opt/gz_utils_vendor:/opt/ros/jazzy/opt/gz_tools_vendor:/opt/ros/jazzy/opt/gz_ogre_next_vendor:/opt/ros/jazzy/opt/gz_dartsim_vendor:/opt/ros/jazzy/opt/gz_cmake_vendor:/opt/ros/jazzy DEBUGINFOD_URLS=https://debuginfod.ubuntu.com LD_LIBRARY_PATH=/home/xabier/Drone-project/ws_sensor_combined/install/px4_msgs/lib:${LD_LIBRARY_PATH} PYTHONPATH=/home/xabier/Drone-project/ws_sensor_combined/install/px4_msgs/lib/python3.12/site-packages:${PYTHONPATH} /usr/bin/cmake /home/xabier/Drone-project/ws_sensor_combined/src/px4_ros_com -DCMAKE_INSTALL_PREFIX=/home/xabier/Drone-project/ws_sensor_combined/install/px4_ros_com
[2.073s] Invoking command in '/home/xabier/Drone-project/ws_sensor_combined/build/px4_ros_com': AMENT_PREFIX_PATH=/home/xabier/Drone-project/ws_sensor_combined/install/px4_msgs:${AMENT_PREFIX_PATH} CMAKE_PREFIX_PATH=/home/xabier/Drone-project/ws_sensor_combined/install/px4_msgs:/opt/ros/jazzy/opt/gz_sim_vendor:/opt/ros/jazzy/opt/gz_sensors_vendor:/opt/ros/jazzy/opt/gz_physics_vendor:/opt/ros/jazzy/opt/sdformat_vendor:/opt/ros/jazzy/opt/gz_gui_vendor:/opt/ros/jazzy/opt/gz_transport_vendor:/opt/ros/jazzy/opt/gz_rendering_vendor:/opt/ros/jazzy/opt/gz_plugin_vendor:/opt/ros/jazzy/opt/gz_fuel_tools_vendor:/opt/ros/jazzy/opt/gz_msgs_vendor:/opt/ros/jazzy/opt/gz_common_vendor:/opt/ros/jazzy/opt/gz_math_vendor:/opt/ros/jazzy/opt/gz_utils_vendor:/opt/ros/jazzy/opt/gz_tools_vendor:/opt/ros/jazzy/opt/gz_ogre_next_vendor:/opt/ros/jazzy/opt/gz_dartsim_vendor:/opt/ros/jazzy/opt/gz_cmake_vendor:/opt/ros/jazzy DEBUGINFOD_URLS=https://debuginfod.ubuntu.com LD_LIBRARY_PATH=/home/xabier/Drone-project/ws_sensor_combined/install/px4_msgs/lib:${LD_LIBRARY_PATH} PYTHONPATH=/home/xabier/Drone-project/ws_sensor_combined/install/px4_msgs/lib/python3.12/site-packages:${PYTHONPATH} /usr/bin/cmake --build /home/xabier/Drone-project/ws_sensor_combined/build/px4_ros_com -- -j12 -l12
[2.169s] [ 25%] [32mBuilding CXX object CMakeFiles/frame_transforms.dir/src/lib/frame_transforms.cpp.o[0m
[2.169s] [ 25%] [32mBuilding CXX object CMakeFiles/vehicle_gps_position_listener.dir/src/examples/listeners/vehicle_gps_position_listener.cpp.o[0m
[2.169s] [ 25%] [32mBuilding CXX object CMakeFiles/offboard_control.dir/src/examples/offboard/offboard_control.cpp.o[0m
[2.171s] [ 33%] [32mBuilding CXX object CMakeFiles/sensor_combined_listener.dir/src/examples/listeners/sensor_combined_listener.cpp.o[0m
[2.171s] [ 41%] [32mBuilding CXX object CMakeFiles/offboard_control_srv.dir/src/examples/offboard/offboard_control_srv.cpp.o[0m
[2.172s] [ 50%] [32mBuilding CXX object CMakeFiles/debug_vect_advertiser.dir/src/examples/advertisers/debug_vect_advertiser.cpp.o[0m
[2.196s] [ 50%] Built target ament_cmake_python_copy_px4_ros_com
[2.524s] running egg_info
[2.525s] creating px4_ros_com.egg-info
[2.552s] writing px4_ros_com.egg-info/PKG-INFO
[2.553s] writing dependency_links to px4_ros_com.egg-info/dependency_links.txt
[2.553s] writing top-level names to px4_ros_com.egg-info/top_level.txt
[2.553s] writing manifest file 'px4_ros_com.egg-info/SOURCES.txt'
[2.647s] reading manifest file 'px4_ros_com.egg-info/SOURCES.txt'
[2.648s] writing manifest file 'px4_ros_com.egg-info/SOURCES.txt'
[2.750s] [ 50%] Built target ament_cmake_python_build_px4_ros_com_egg
[9.362s] [ 58%] [32m[1mLinking CXX executable debug_vect_advertiser[0m
[9.933s] [ 58%] Built target debug_vect_advertiser
[10.569s] [ 66%] [32m[1mLinking CXX executable offboard_control_srv[0m
[11.073s] [ 66%] Built target offboard_control_srv
[11.572s] [ 75%] [32m[1mLinking CXX shared library libframe_transforms.so[0m
[11.844s] [ 83%] [32m[1mLinking CXX executable offboard_control[0m
[12.043s] [ 83%] Built target frame_transforms
[12.211s] [ 91%] [32m[1mLinking CXX executable vehicle_gps_position_listener[0m
[12.360s] [ 91%] Built target offboard_control
[12.368s] [100%] [32m[1mLinking CXX executable sensor_combined_listener[0m
[12.790s] [100%] Built target vehicle_gps_position_listener
[12.896s] [100%] Built target sensor_combined_listener
[12.920s] Invoked command in '/home/xabier/Drone-project/ws_sensor_combined/build/px4_ros_com' returned '0': AMENT_PREFIX_PATH=/home/xabier/Drone-project/ws_sensor_combined/install/px4_msgs:${AMENT_PREFIX_PATH} CMAKE_PREFIX_PATH=/home/xabier/Drone-project/ws_sensor_combined/install/px4_msgs:/opt/ros/jazzy/opt/gz_sim_vendor:/opt/ros/jazzy/opt/gz_sensors_vendor:/opt/ros/jazzy/opt/gz_physics_vendor:/opt/ros/jazzy/opt/sdformat_vendor:/opt/ros/jazzy/opt/gz_gui_vendor:/opt/ros/jazzy/opt/gz_transport_vendor:/opt/ros/jazzy/opt/gz_rendering_vendor:/opt/ros/jazzy/opt/gz_plugin_vendor:/opt/ros/jazzy/opt/gz_fuel_tools_vendor:/opt/ros/jazzy/opt/gz_msgs_vendor:/opt/ros/jazzy/opt/gz_common_vendor:/opt/ros/jazzy/opt/gz_math_vendor:/opt/ros/jazzy/opt/gz_utils_vendor:/opt/ros/jazzy/opt/gz_tools_vendor:/opt/ros/jazzy/opt/gz_ogre_next_vendor:/opt/ros/jazzy/opt/gz_dartsim_vendor:/opt/ros/jazzy/opt/gz_cmake_vendor:/opt/ros/jazzy DEBUGINFOD_URLS=https://debuginfod.ubuntu.com LD_LIBRARY_PATH=/home/xabier/Drone-project/ws_sensor_combined/install/px4_msgs/lib:${LD_LIBRARY_PATH} PYTHONPATH=/home/xabier/Drone-project/ws_sensor_combined/install/px4_msgs/lib/python3.12/site-packages:${PYTHONPATH} /usr/bin/cmake --build /home/xabier/Drone-project/ws_sensor_combined/build/px4_ros_com -- -j12 -l12
[12.921s] Invoking command in '/home/xabier/Drone-project/ws_sensor_combined/build/px4_ros_com': AMENT_PREFIX_PATH=/home/xabier/Drone-project/ws_sensor_combined/install/px4_msgs:${AMENT_PREFIX_PATH} CMAKE_PREFIX_PATH=/home/xabier/Drone-project/ws_sensor_combined/install/px4_msgs:/opt/ros/jazzy/opt/gz_sim_vendor:/opt/ros/jazzy/opt/gz_sensors_vendor:/opt/ros/jazzy/opt/gz_physics_vendor:/opt/ros/jazzy/opt/sdformat_vendor:/opt/ros/jazzy/opt/gz_gui_vendor:/opt/ros/jazzy/opt/gz_transport_vendor:/opt/ros/jazzy/opt/gz_rendering_vendor:/opt/ros/jazzy/opt/gz_plugin_vendor:/opt/ros/jazzy/opt/gz_fuel_tools_vendor:/opt/ros/jazzy/opt/gz_msgs_vendor:/opt/ros/jazzy/opt/gz_common_vendor:/opt/ros/jazzy/opt/gz_math_vendor:/opt/ros/jazzy/opt/gz_utils_vendor:/opt/ros/jazzy/opt/gz_tools_vendor:/opt/ros/jazzy/opt/gz_ogre_next_vendor:/opt/ros/jazzy/opt/gz_dartsim_vendor:/opt/ros/jazzy/opt/gz_cmake_vendor:/opt/ros/jazzy DEBUGINFOD_URLS=https://debuginfod.ubuntu.com LD_LIBRARY_PATH=/home/xabier/Drone-project/ws_sensor_combined/install/px4_msgs/lib:${LD_LIBRARY_PATH} PYTHONPATH=/home/xabier/Drone-project/ws_sensor_combined/install/px4_msgs/lib/python3.12/site-packages:${PYTHONPATH} /usr/bin/cmake --install /home/xabier/Drone-project/ws_sensor_combined/build/px4_ros_com
[12.935s] -- Install configuration: ""
[12.936s] -- Installing: /home/xabier/Drone-project/ws_sensor_combined/install/px4_ros_com/lib/px4_ros_com/sensor_combined_listener
[12.942s] -- Set non-toolchain portion of runtime path of "/home/xabier/Drone-project/ws_sensor_combined/install/px4_ros_com/lib/px4_ros_com/sensor_combined_listener" to ""
[12.942s] -- Installing: /home/xabier/Drone-project/ws_sensor_combined/install/px4_ros_com/lib/px4_ros_com/vehicle_gps_position_listener
[12.948s] -- Set non-toolchain portion of runtime path of "/home/xabier/Drone-project/ws_sensor_combined/install/px4_ros_com/lib/px4_ros_com/vehicle_gps_position_listener" to ""
[12.949s] -- Installing: /home/xabier/Drone-project/ws_sensor_combined/install/px4_ros_com/lib/px4_ros_com/debug_vect_advertiser
[12.950s] -- Set non-toolchain portion of runtime path of "/home/xabier/Drone-project/ws_sensor_combined/install/px4_ros_com/lib/px4_ros_com/debug_vect_advertiser" to ""
[12.950s] -- Installing: /home/xabier/Drone-project/ws_sensor_combined/install/px4_ros_com/lib/px4_ros_com/offboard_control
[12.953s] -- Set non-toolchain portion of runtime path of "/home/xabier/Drone-project/ws_sensor_combined/install/px4_ros_com/lib/px4_ros_com/offboard_control" to ""
[12.954s] -- Installing: /home/xabier/Drone-project/ws_sensor_combined/install/px4_ros_com/lib/px4_ros_com/offboard_control_srv
[12.957s] -- Set non-toolchain portion of runtime path of "/home/xabier/Drone-project/ws_sensor_combined/install/px4_ros_com/lib/px4_ros_com/offboard_control_srv" to ""
[12.957s] -- Installing: /home/xabier/Drone-project/ws_sensor_combined/install/px4_ros_com/share/px4_ros_com/environment/library_path.sh
[12.957s] -- Installing: /home/xabier/Drone-project/ws_sensor_combined/install/px4_ros_com/share/px4_ros_com/environment/library_path.dsv
[12.958s] -- Installing: /home/xabier/Drone-project/ws_sensor_combined/install/px4_ros_com/include/px4_ros_com
[12.958s] -- Installing: /home/xabier/Drone-project/ws_sensor_combined/install/px4_ros_com/include/px4_ros_com/frame_transforms.h
[12.958s] -- Installing: /home/xabier/Drone-project/ws_sensor_combined/install/px4_ros_com/lib/libframe_transforms.so
[12.964s] -- Set non-toolchain portion of runtime path of "/home/xabier/Drone-project/ws_sensor_combined/install/px4_ros_com/lib/libframe_transforms.so" to ""
[12.964s] -- Installing: /home/xabier/Drone-project/ws_sensor_combined/install/px4_ros_com/share/px4_ros_com//launch
[12.964s] -- Installing: /home/xabier/Drone-project/ws_sensor_combined/install/px4_ros_com/share/px4_ros_com//launch/offboard_control_launch.yaml
[12.964s] -- Installing: /home/xabier/Drone-project/ws_sensor_combined/install/px4_ros_com/share/px4_ros_com//launch/sensor_combined_listener.launch.py
[12.964s] -- Installing: /home/xabier/Drone-project/ws_sensor_combined/install/px4_ros_com/share/px4_ros_com//test
[12.965s] -- Installing: /home/xabier/Drone-project/ws_sensor_combined/install/px4_ros_com/share/px4_ros_com//test/__init__.py
[12.965s] -- Installing: /home/xabier/Drone-project/ws_sensor_combined/install/px4_ros_com/share/px4_ros_com//test/test_output.py
[12.965s] -- Installing: /home/xabier/Drone-project/ws_sensor_combined/install/px4_ros_com/share/px4_ros_com//test/pipeline_io_test.py
[12.965s] -- Installing: /home/xabier/Drone-project/ws_sensor_combined/install/px4_ros_com/share/px4_ros_com//test/test_input.py
[12.966s] -- Installing: /home/xabier/Drone-project/ws_sensor_combined/install/px4_ros_com/share/px4_ros_com/environment/pythonpath.sh
[12.966s] -- Installing: /home/xabier/Drone-project/ws_sensor_combined/install/px4_ros_com/share/px4_ros_com/environment/pythonpath.dsv
[12.966s] -- Installing: /home/xabier/Drone-project/ws_sensor_combined/install/px4_ros_com/lib/python3.12/site-packages/px4_ros_com-0.1.0-py3.12.egg-info
[12.966s] -- Installing: /home/xabier/Drone-project/ws_sensor_combined/install/px4_ros_com/lib/python3.12/site-packages/px4_ros_com-0.1.0-py3.12.egg-info/PKG-INFO
[12.966s] -- Installing: /home/xabier/Drone-project/ws_sensor_combined/install/px4_ros_com/lib/python3.12/site-packages/px4_ros_com-0.1.0-py3.12.egg-info/dependency_links.txt
[12.966s] -- Installing: /home/xabier/Drone-project/ws_sensor_combined/install/px4_ros_com/lib/python3.12/site-packages/px4_ros_com-0.1.0-py3.12.egg-info/SOURCES.txt
[12.967s] -- Installing: /home/xabier/Drone-project/ws_sensor_combined/install/px4_ros_com/lib/python3.12/site-packages/px4_ros_com-0.1.0-py3.12.egg-info/top_level.txt
[12.967s] -- Installing: /home/xabier/Drone-project/ws_sensor_combined/install/px4_ros_com/lib/python3.12/site-packages/px4_ros_com
[12.967s] -- Installing: /home/xabier/Drone-project/ws_sensor_combined/install/px4_ros_com/lib/python3.12/site-packages/px4_ros_com/__init__.py
[12.967s] -- Installing: /home/xabier/Drone-project/ws_sensor_combined/install/px4_ros_com/lib/python3.12/site-packages/px4_ros_com/module_to_import.py
[13.010s] Listing '/home/xabier/Drone-project/ws_sensor_combined/install/px4_ros_com/lib/python3.12/site-packages/px4_ros_com'...
[13.010s] Compiling '/home/xabier/Drone-project/ws_sensor_combined/install/px4_ros_com/lib/python3.12/site-packages/px4_ros_com/__init__.py'...
[13.010s] Compiling '/home/xabier/Drone-project/ws_sensor_combined/install/px4_ros_com/lib/python3.12/site-packages/px4_ros_com/module_to_import.py'...
[13.018s] -- Installing: /home/xabier/Drone-project/ws_sensor_combined/install/px4_ros_com/lib/px4_ros_com/offboard_control.py
[13.018s] -- Installing: /home/xabier/Drone-project/ws_sensor_combined/install/px4_ros_com/share/ament_index/resource_index/package_run_dependencies/px4_ros_com
[13.019s] -- Installing: /home/xabier/Drone-project/ws_sensor_combined/install/px4_ros_com/share/ament_index/resource_index/parent_prefix_path/px4_ros_com
[13.019s] -- Installing: /home/xabier/Drone-project/ws_sensor_combined/install/px4_ros_com/share/px4_ros_com/environment/ament_prefix_path.sh
[13.019s] -- Installing: /home/xabier/Drone-project/ws_sensor_combined/install/px4_ros_com/share/px4_ros_com/environment/ament_prefix_path.dsv
[13.019s] -- Installing: /home/xabier/Drone-project/ws_sensor_combined/install/px4_ros_com/share/px4_ros_com/environment/path.sh
[13.019s] -- Installing: /home/xabier/Drone-project/ws_sensor_combined/install/px4_ros_com/share/px4_ros_com/environment/path.dsv
[13.020s] -- Installing: /home/xabier/Drone-project/ws_sensor_combined/install/px4_ros_com/share/px4_ros_com/local_setup.bash
[13.020s] -- Installing: /home/xabier/Drone-project/ws_sensor_combined/install/px4_ros_com/share/px4_ros_com/local_setup.sh
[13.020s] -- Installing: /home/xabier/Drone-project/ws_sensor_combined/install/px4_ros_com/share/px4_ros_com/local_setup.zsh
[13.020s] -- Installing: /home/xabier/Drone-project/ws_sensor_combined/install/px4_ros_com/share/px4_ros_com/local_setup.dsv
[13.020s] -- Installing: /home/xabier/Drone-project/ws_sensor_combined/install/px4_ros_com/share/px4_ros_com/package.dsv
[13.020s] -- Installing: /home/xabier/Drone-project/ws_sensor_combined/install/px4_ros_com/share/ament_index/resource_index/packages/px4_ros_com
[13.021s] -- Installing: /home/xabier/Drone-project/ws_sensor_combined/install/px4_ros_com/share/px4_ros_com/cmake/export_frame_transformsExport.cmake
[13.021s] -- Installing: /home/xabier/Drone-project/ws_sensor_combined/install/px4_ros_com/share/px4_ros_com/cmake/export_frame_transformsExport-noconfig.cmake
[13.021s] -- Installing: /home/xabier/Drone-project/ws_sensor_combined/install/px4_ros_com/share/px4_ros_com/cmake/ament_cmake_export_dependencies-extras.cmake
[13.021s] -- Installing: /home/xabier/Drone-project/ws_sensor_combined/install/px4_ros_com/share/px4_ros_com/cmake/ament_cmake_export_targets-extras.cmake
[13.021s] -- Installing: /home/xabier/Drone-project/ws_sensor_combined/install/px4_ros_com/share/px4_ros_com/cmake/ament_cmake_export_include_directories-extras.cmake
[13.021s] -- Installing: /home/xabier/Drone-project/ws_sensor_combined/install/px4_ros_com/share/px4_ros_com/cmake/ament_cmake_export_libraries-extras.cmake
[13.021s] -- Installing: /home/xabier/Drone-project/ws_sensor_combined/install/px4_ros_com/share/px4_ros_com/cmake/px4_ros_comConfig.cmake
[13.022s] -- Installing: /home/xabier/Drone-project/ws_sensor_combined/install/px4_ros_com/share/px4_ros_com/cmake/px4_ros_comConfig-version.cmake
[13.022s] -- Installing: /home/xabier/Drone-project/ws_sensor_combined/install/px4_ros_com/share/px4_ros_com/package.xml
[13.025s] Invoked command in '/home/xabier/Drone-project/ws_sensor_combined/build/px4_ros_com' returned '0': AMENT_PREFIX_PATH=/home/xabier/Drone-project/ws_sensor_combined/install/px4_msgs:${AMENT_PREFIX_PATH} CMAKE_PREFIX_PATH=/home/xabier/Drone-project/ws_sensor_combined/install/px4_msgs:/opt/ros/jazzy/opt/gz_sim_vendor:/opt/ros/jazzy/opt/gz_sensors_vendor:/opt/ros/jazzy/opt/gz_physics_vendor:/opt/ros/jazzy/opt/sdformat_vendor:/opt/ros/jazzy/opt/gz_gui_vendor:/opt/ros/jazzy/opt/gz_transport_vendor:/opt/ros/jazzy/opt/gz_rendering_vendor:/opt/ros/jazzy/opt/gz_plugin_vendor:/opt/ros/jazzy/opt/gz_fuel_tools_vendor:/opt/ros/jazzy/opt/gz_msgs_vendor:/opt/ros/jazzy/opt/gz_common_vendor:/opt/ros/jazzy/opt/gz_math_vendor:/opt/ros/jazzy/opt/gz_utils_vendor:/opt/ros/jazzy/opt/gz_tools_vendor:/opt/ros/jazzy/opt/gz_ogre_next_vendor:/opt/ros/jazzy/opt/gz_dartsim_vendor:/opt/ros/jazzy/opt/gz_cmake_vendor:/opt/ros/jazzy DEBUGINFOD_URLS=https://debuginfod.ubuntu.com LD_LIBRARY_PATH=/home/xabier/Drone-project/ws_sensor_combined/install/px4_msgs/lib:${LD_LIBRARY_PATH} PYTHONPATH=/home/xabier/Drone-project/ws_sensor_combined/install/px4_msgs/lib/python3.12/site-packages:${PYTHONPATH} /usr/bin/cmake --install /home/xabier/Drone-project/ws_sensor_combined/build/px4_ros_com
